#
# A fatal error has been detected by the Java Runtime Environment:
#
#  SIGSEGV (0xb) at pc=0x00007fa39501e6dd, pid=4784, tid=140340742338304
#
# JRE version: Java(TM) SE Runtime Environment (7.0_79-b15) (build 1.7.0_79-b15)
# Java VM: Java HotSpot(TM) 64-Bit Server VM (24.79-b02 mixed mode linux-amd64 compressed oops)
# Problematic frame:
# j  java.util.ComparableTimSort.countRunAndMakeAscending([Ljava/lang/Object;II)I+105
#
# Failed to write core dump. Core dumps have been disabled. To enable core dumping, try "ulimit -c unlimited" before starting Java again
#
# If you would like to submit a bug report, please visit:
#   http://bugreport.java.com/bugreport/crash.jsp
#

---------------  T H R E A D  ---------------

Current thread (0x00007fa39800c000):  JavaThread "main" [_thread_in_Java, id=4789, stack(0x00007fa3a0083000,0x00007fa3a0184000)]

siginfo:si_signo=SIGSEGV: si_errno=0, si_code=1 (SEGV_MAPERR), si_addr=0x000000003b16b980

Registers:
RAX=0x00000000bae04530, RBX=0x000000003b16b958, RCX=0x0000000000000028, RDX=0x00000000eae2e748
RSP=0x00007fa3a0182250, RBP=0x00007fa3a0182290, RSI=0x00007fa3a01821f0, RDI=0x00000000ede33748
R8 =0x00000000ede33700, R9 =0x00000000bb0fdd58, R10=0x00007fa39f562e20, R11=0x00000000eae2be88
R12=0x0000000000000000, R13=0x00000000bb3666b9, R14=0x00007fa3a01822b8, R15=0x00007fa39800c000
RIP=0x00007fa39501e6dd, EFLAGS=0x0000000000010287, CSGSFS=0x0000000000000033, ERR=0x0000000000000004
  TRAPNO=0x000000000000000e

Top of Stack: (sp=0x00007fa3a0182250)
0x00007fa3a0182250:   00007fa3a0182250 00000000bb3666c1
0x00007fa3a0182260:   00007fa3a01822b8 00000000bb368030
0x00007fa3a0182270:   0000000000000000 00000000bb3666e8
0x00007fa3a0182280:   0000000000000000 00007fa3a01822a8
0x00007fa3a0182290:   00007fa3a0182300 00007fa3950061d4
0x00007fa3a01822a0:   0000000000000010 0000000000000025
0x00007fa3a01822b0:   0000000000000000 00000000ecd32b00
0x00007fa3a01822c0:   00007fa3a01822c0 00000000bb366335
0x00007fa3a01822d0:   00007fa3a0182348 00000000bb368030
0x00007fa3a01822e0:   0000000000000000 00000000bb3663d0
0x00007fa3a01822f0:   00007fa3a01822a8 00007fa3a0182338
0x00007fa3a0182300:   00007fa3a0182390 00007fa395006058
0x00007fa3a0182310:   0000000000000000 0000000000000000
0x00007fa3a0182320:   0000000000000013 00000000ecd32ba8
0x00007fa3a0182330:   0000000000000025 0000000000000025
0x00007fa3a0182340:   0000000000000000 00000000ecd32b00
0x00007fa3a0182350:   00007fa3a0182350 00000000bb36622c
0x00007fa3a0182360:   00007fa3a01823a0 00000000bb368030
0x00007fa3a0182370:   0000000000000000 00000000bb366238
0x00007fa3a0182380:   00007fa3a0182338 00007fa3a01823a0
0x00007fa3a0182390:   00007fa3a01823e8 00007fa395006058
0x00007fa3a01823a0:   00000000ecd32b00 00007fa3a01823a8
0x00007fa3a01823b0:   00000000baf247de 00007fa3a01823f8
0x00007fa3a01823c0:   00000000baf2bcd0 0000000000000000
0x00007fa3a01823d0:   00000000baf247f0 00007fa3a01823a0
0x00007fa3a01823e0:   00007fa3a01823f8 00007fa3a0182440
0x00007fa3a01823f0:   00007fa395006058 00000000ecd32b00
0x00007fa3a0182400:   00007fa3a0182400 00000000baef9ed8
0x00007fa3a0182410:   00007fa3a0182468 00000000baefe700
0x00007fa3a0182420:   0000000000000000 00000000baef9f18
0x00007fa3a0182430:   00007fa3a01823f8 00007fa3a0182468
0x00007fa3a0182440:   00007fa3a01824b0 00007fa395006058 

Instructions: (pc=0x00007fa39501e6dd)
0x00007fa39501e6bd:   89 59 10 bf 01 00 00 00 48 89 79 18 48 83 c1 30
0x00007fa39501e6cd:   48 89 4d e0 48 3b d8 0f 84 5a 00 00 00 8b 48 1c
0x00007fa39501e6dd:   48 3b 04 0b 0f 84 4d 00 00 00 83 f9 28 0f 85 21
0x00007fa39501e6ed:   00 00 00 50 48 8b c0 57 48 8b 7b 30 8b 4f 0c 48 

Register to memory mapping:

RAX=0x00000000bae04530 is an oop
{instance class} 
 - klass: {other class}
RBX=0x000000003b16b958 is an unknown value
RCX=0x0000000000000028 is an unknown value
RDX=0x00000000eae2e748 is an unknown value
RSP=0x00007fa3a0182250 is pointing into the stack for thread: 0x00007fa39800c000
RBP=0x00007fa3a0182290 is pointing into the stack for thread: 0x00007fa39800c000
RSI=0x00007fa3a01821f0 is pointing into the stack for thread: 0x00007fa39800c000
RDI=0x00000000ede33748 is an unknown value
R8 =0x00000000ede33700 is an oop
[C 
 - klass: {type array char}
 - length: 34
R9 =0x00000000bb0fdd58 is an oop
{instance class} 
 - klass: {other class}
R10=0x00007fa39f562e20: <offset 0xe54e20> in /usr/lib/jdk/jdk1.7.0_79/jre/lib/amd64/server/libjvm.so at 0x00007fa39e70e000
R11=0x00000000eae2be88 is an oop
com.android.dx.rop.cst.CstNat 
 - klass: 'com/android/dx/rop/cst/CstNat'
R12=0x0000000000000000 is an unknown value
R13=0x00000000bb3666b9 is pointing into object: 0x00000000bb366618
{constMethod} 
 - klass: {other class}
 - constants:       0x00000000bb365998 constant pool [167] for 'java/util/ComparableTimSort' cache=0x00000000bb368030
bci_from(0xbb3666b9) = 97; print_codes():
R14=0x00007fa3a01822b8 is pointing into the stack for thread: 0x00007fa39800c000
R15=0x00007fa39800c000 is a thread


Stack: [0x00007fa3a0083000,0x00007fa3a0184000],  sp=0x00007fa3a0182250,  free space=1020k
Native frames: (J=compiled Java code, j=interpreted, Vv=VM code, C=native code)
j  java.util.ComparableTimSort.countRunAndMakeAscending([Ljava/lang/Object;II)I+105
j  java.util.ComparableTimSort.sort([Ljava/lang/Object;II)V+61
j  java.util.ComparableTimSort.sort([Ljava/lang/Object;)V+4
j  java.util.Arrays.sort([Ljava/lang/Object;)V+14
j  java.util.Collections.sort(Ljava/util/List;)V+8
j  com.android.dx.dex.file.ClassDataItem.makeStaticValuesConstant()Lcom/android/dx/rop/cst/CstArray;+4
j  com.android.dx.dex.file.ClassDataItem.getStaticValuesConstant()Lcom/android/dx/rop/cst/CstArray;+19
j  com.android.dx.dex.file.ClassDefItem.addContents(Lcom/android/dx/dex/file/DexFile;)V+66
j  com.android.dx.dex.file.UniformItemSection.prepare0()V+40
j  com.android.dx.dex.file.Section.prepare()V+5
j  com.android.dx.dex.file.DexFile.toDex0(ZZ)Lcom/android/dx/util/ByteArrayAnnotatedOutput;+4
j  com.android.dx.dex.file.DexFile.toDex(Ljava/io/Writer;Z)[B+13
j  com.android.dx.command.dexer.Main.writeDex()[B+50
j  com.android.dx.command.dexer.Main.runMonoDex()I+103
j  com.android.dx.command.dexer.Main.run(Lcom/android/dx/command/dexer/Main$Arguments;)I+76
j  com.android.dx.command.dexer.Main.main([Ljava/lang/String;)V+14
j  com.android.dx.command.Main.main([Ljava/lang/String;)V+61
v  ~StubRoutines::call_stub
V  [libjvm.so+0x600e95]  JavaCalls::call_helper(JavaValue*, methodHandle*, JavaCallArguments*, Thread*)+0x365
V  [libjvm.so+0x5ff8f8]  JavaCalls::call(JavaValue*, methodHandle, JavaCallArguments*, Thread*)+0x28
V  [libjvm.so+0x6398b9]  jni_invoke_static(JNIEnv_*, JavaValue*, _jobject*, JNICallType, _jmethodID*, JNI_ArgumentPusher*, Thread*)+0x219
V  [libjvm.so+0x6424d2]  jni_CallStaticVoidMethod+0x162
C  [libjli.so+0x36d9]  JavaMain+0x7e9


---------------  P R O C E S S  ---------------

Java Threads: ( => current thread )
  0x00007fa3980ab000 JavaThread "Service Thread" daemon [_thread_blocked, id=4804, stack(0x00007fa38c57b000,0x00007fa38c67c000)]
  0x00007fa3980a9000 JavaThread "C2 CompilerThread1" daemon [_thread_in_native, id=4803, stack(0x00007fa38c67c000,0x00007fa38c77d000)]
  0x00007fa3980a6000 JavaThread "C2 CompilerThread0" daemon [_thread_in_native, id=4802, stack(0x00007fa38c77d000,0x00007fa38c87e000)]
  0x00007fa3980a3800 JavaThread "Signal Dispatcher" daemon [_thread_blocked, id=4801, stack(0x00007fa38c87e000,0x00007fa38c97f000)]
  0x00007fa39807b000 JavaThread "Finalizer" daemon [_thread_blocked, id=4800, stack(0x00007fa38d063000,0x00007fa38d164000)]
  0x00007fa398079000 JavaThread "Reference Handler" daemon [_thread_blocked, id=4799, stack(0x00007fa38d164000,0x00007fa38d265000)]
=>0x00007fa39800c000 JavaThread "main" [_thread_in_Java, id=4789, stack(0x00007fa3a0083000,0x00007fa3a0184000)]

Other Threads:
  0x00007fa398074800 VMThread [stack: 0x00007fa38d265000,0x00007fa38d366000] [id=4798]
  0x00007fa3980b6000 WatcherThread [stack: 0x00007fa38c47a000,0x00007fa38c57b000] [id=4805]

VM state:not at safepoint (normal execution)

VM Mutex/Monitor currently owned by a thread: None

Heap
 PSYoungGen      total 56832K, used 44161K [0x00000000eaa80000, 0x00000000ee980000, 0x0000000100000000)
  eden space 49152K, 74% used [0x00000000eaa80000,0x00000000ece256e0,0x00000000eda80000)
  from space 7680K, 99% used [0x00000000eda80000,0x00000000ee1faec0,0x00000000ee200000)
  to   space 7680K, 0% used [0x00000000ee200000,0x00000000ee200000,0x00000000ee980000)
 ParOldGen       total 128000K, used 2780K [0x00000000c0000000, 0x00000000c7d00000, 0x00000000eaa80000)
  object space 128000K, 2% used [0x00000000c0000000,0x00000000c02b70d0,0x00000000c7d00000)
 PSPermGen       total 21504K, used 5540K [0x00000000bae00000, 0x00000000bc300000, 0x00000000c0000000)
  object space 21504K, 25% used [0x00000000bae00000,0x00000000bb369228,0x00000000bc300000)

Card table byte_map: [0x00007fa39d146000,0x00007fa39d370000] byte_map_base: 0x00007fa39cb6f000

Polling page: 0x00007fa3a01a5000

Code Cache  [0x00007fa395000000, 0x00007fa395270000, 0x00007fa398000000)
 total_blobs=494 nmethods=268 adapters=180 free_code_cache=47994Kb largest_free_block=49117568

Compilation events (10 events):
Event: 1.549 Thread 0x00007fa3980a9000 nmethod 263 0x00007fa3950f7d90 code [0x00007fa3950f7f20, 0x00007fa3950f8178]
Event: 1.549 Thread 0x00007fa3980a9000  264             com.android.dx.ssa.back.SsaToRop::convertInsns (53 bytes)
Event: 1.553 Thread 0x00007fa3980a9000 nmethod 264 0x00007fa3950f69d0 code [0x00007fa3950f6b60, 0x00007fa3950f6f58]
Event: 1.553 Thread 0x00007fa3980a9000  265             com.android.dx.util.BitIntSet::<init> (13 bytes)
Event: 1.554 Thread 0x00007fa3980a9000 nmethod 265 0x00007fa39511e890 code [0x00007fa39511e9e0, 0x00007fa39511eaf8]
Event: 1.554 Thread 0x00007fa3980a9000  266             com.android.dx.cf.code.Frame::getStack (5 bytes)
Event: 1.554 Thread 0x00007fa3980a9000 nmethod 266 0x00007fa3950f7ad0 code [0x00007fa3950f7c00, 0x00007fa3950f7c58]
Event: 1.554 Thread 0x00007fa3980a9000  267             com.android.dx.util.FixedSizeList::hashCode (8 bytes)
Event: 1.556 Thread 0x00007fa3980a9000 nmethod 267 0x00007fa39511cc10 code [0x00007fa39511cd60, 0x00007fa39511ced8]
Event: 1.556 Thread 0x00007fa3980a9000  268   !         com.android.dx.cf.code.Ropper::processBlock (1101 bytes)

GC Heap History (2 events):
Event: 1.328 GC heap before
{Heap before GC invocations=1 (full 0):
 PSYoungGen      total 56832K, used 49152K [0x00000000eaa80000, 0x00000000ee980000, 0x0000000100000000)
  eden space 49152K, 100% used [0x00000000eaa80000,0x00000000eda80000,0x00000000eda80000)
  from space 7680K, 0% used [0x00000000ee200000,0x00000000ee200000,0x00000000ee980000)
  to   space 7680K, 0% used [0x00000000eda80000,0x00000000eda80000,0x00000000ee200000)
 ParOldGen       total 128000K, used 0K [0x00000000c0000000, 0x00000000c7d00000, 0x00000000eaa80000)
  object space 128000K, 0% used [0x00000000c0000000,0x00000000c0000000,0x00000000c7d00000)
 PSPermGen       total 21504K, used 5135K [0x00000000bae00000, 0x00000000bc300000, 0x00000000c0000000)
  object space 21504K, 23% used [0x00000000bae00000,0x00000000bb303c70,0x00000000bc300000)
Event: 1.340 GC heap after
Heap after GC invocations=1 (full 0):
 PSYoungGen      total 56832K, used 7659K [0x00000000eaa80000, 0x00000000ee980000, 0x0000000100000000)
  eden space 49152K, 0% used [0x00000000eaa80000,0x00000000eaa80000,0x00000000eda80000)
  from space 7680K, 99% used [0x00000000eda80000,0x00000000ee1faec0,0x00000000ee200000)
  to   space 7680K, 0% used [0x00000000ee200000,0x00000000ee200000,0x00000000ee980000)
 ParOldGen       total 128000K, used 2780K [0x00000000c0000000, 0x00000000c7d00000, 0x00000000eaa80000)
  object space 128000K, 2% used [0x00000000c0000000,0x00000000c02b70d0,0x00000000c7d00000)
 PSPermGen       total 21504K, used 5135K [0x00000000bae00000, 0x00000000bc300000, 0x00000000c0000000)
  object space 21504K, 23% used [0x00000000bae00000,0x00000000bb303c70,0x00000000bc300000)
}

Deoptimization events (10 events):
Event: 0.486 Thread 0x00007fa39800c000 Uncommon trap: reason=bimorphic action=maybe_recompile pc=0x00007fa39507e460 method=com.android.dx.rop.code.RegisterSpec.getCategory()I @ 4
Event: 0.533 Thread 0x00007fa39800c000 Uncommon trap: reason=null_check action=make_not_entrant pc=0x00007fa395088b54 method=com.android.dx.rop.code.LocalItem.equals(Ljava/lang/Object;)Z @ 1
Event: 0.793 Thread 0x00007fa39800c000 Uncommon trap: reason=unreached action=reinterpret pc=0x00007fa39506ef04 method=com.android.dx.rop.cst.Constant.compareTo(Lcom/android/dx/rop/cst/Constant;)I @ 12
Event: 0.877 Thread 0x00007fa39800c000 Uncommon trap: reason=null_check action=make_not_entrant pc=0x00007fa3950c084c method=com.android.dx.rop.type.Type.putIntern(Lcom/android/dx/rop/type/Type;)Lcom/android/dx/rop/type/Type; @ 18
Event: 0.918 Thread 0x00007fa39800c000 Uncommon trap: reason=class_check action=maybe_recompile pc=0x00007fa39509d434 method=java.util.HashMap.put(Ljava/lang/Object;Ljava/lang/Object;)Ljava/lang/Object; @ 83
Event: 0.918 Thread 0x00007fa39800c000 Uncommon trap: reason=class_check action=maybe_recompile pc=0x00007fa39509d434 method=java.util.HashMap.put(Ljava/lang/Object;Ljava/lang/Object;)Ljava/lang/Object; @ 83
Event: 0.918 Thread 0x00007fa39800c000 Uncommon trap: reason=class_check action=maybe_recompile pc=0x00007fa39509d434 method=java.util.HashMap.put(Ljava/lang/Object;Ljava/lang/Object;)Ljava/lang/Object; @ 83
Event: 0.918 Thread 0x00007fa39800c000 Uncommon trap: reason=class_check action=maybe_recompile pc=0x00007fa39509d434 method=java.util.HashMap.put(Ljava/lang/Object;Ljava/lang/Object;)Ljava/lang/Object; @ 83
Event: 0.936 Thread 0x00007fa39800c000 Uncommon trap: reason=null_check action=make_not_entrant pc=0x00007fa3950c73f8 method=com.android.dx.ssa.SsaRenamer.getLocalForNewReg(I)Lcom/android/dx/rop/code/LocalItem; @ 19
Event: 1.065 Thread 0x00007fa39800c000 Uncommon trap: reason=null_check action=make_not_entrant pc=0x00007fa3950f078c method=com.android.dx.dex.file.MethodIdsSection.intern(Lcom/android/dx/rop/cst/CstBaseMethodRef;)Lcom/android/dx/dex/file/MethodIdItem; @ 26

Internal exceptions (10 events):
Event: 0.533 Thread 0x00007fa39800c000 Implicit null exception at 0x00007fa3950887cd to 0x00007fa395088b41
Event: 0.835 Thread 0x00007fa39800c000 Threw 0x00000000ec2dc9a0 at /HUDSON/workspace/7u-2-build-linux-amd64/jdk7u79/2331/hotspot/src/share/vm/prims/jvm.cpp:1304
Event: 0.877 Thread 0x00007fa39800c000 Implicit null exception at 0x00007fa3950c0113 to 0x00007fa3950c083d
Event: 0.879 Thread 0x00007fa39800c000 Threw 0x00000000ec4bce98 at /HUDSON/workspace/7u-2-build-linux-amd64/jdk7u79/2331/hotspot/src/share/vm/prims/jvm.cpp:1304
Event: 0.880 Thread 0x00007fa39800c000 Threw 0x00000000ec4c6cb0 at /HUDSON/workspace/7u-2-build-linux-amd64/jdk7u79/2331/hotspot/src/share/vm/prims/jvm.cpp:1304
Event: 0.880 Thread 0x00007fa39800c000 Threw 0x00000000ec4c8fc0 at /HUDSON/workspace/7u-2-build-linux-amd64/jdk7u79/2331/hotspot/src/share/vm/prims/jvm.cpp:1304
Event: 0.936 Thread 0x00007fa39800c000 Implicit null exception at 0x00007fa3950c5f67 to 0x00007fa3950c73cd
Event: 1.065 Thread 0x00007fa39800c000 Implicit null exception at 0x00007fa3950efca0 to 0x00007fa3950f077d
Event: 1.472 Thread 0x00007fa39800c000 Threw 0x00000000eb1a2500 at /HUDSON/workspace/7u-2-build-linux-amd64/jdk7u79/2331/hotspot/src/share/vm/prims/jvm.cpp:1304
Event: 1.566 Thread 0x00007fa39800c000 Threw 0x00000000ec523408 at /HUDSON/workspace/7u-2-build-linux-amd64/jdk7u79/2331/hotspot/src/share/vm/prims/jvm.cpp:1304

Events (10 events):
Event: 1.561 loading class 0x00007fa3980bb9f0
Event: 1.561 loading class 0x00007fa3980bb9f0 done
Event: 1.561 loading class 0x00007fa3980d7220 done
Event: 1.561 loading class 0x00007fa3980bbb70 done
Event: 1.561 loading class 0x00007fa3980bbb40
Event: 1.561 loading class 0x00007fa3980bbb40 done
Event: 1.563 loading class 0x00007fa39c54af20
Event: 1.563 loading class 0x00007fa39c54af20 done
Event: 1.566 loading class 0x00007fa398164cf0
Event: 1.566 loading class 0x00007fa398164cf0 done


Dynamic libraries:
00400000-00401000 r-xp 00000000 08:01 6820901                            /usr/lib/jdk/jdk1.7.0_79/bin/java
00600000-00601000 rw-p 00000000 08:01 6820901                            /usr/lib/jdk/jdk1.7.0_79/bin/java
015bd000-015de000 rw-p 00000000 00:00 0                                  [heap]
bae00000-bc300000 rw-p 00000000 00:00 0 
bc300000-c0000000 rw-p 00000000 00:00 0 
c0000000-c7d00000 rw-p 00000000 00:00 0 
c7d00000-eaa80000 rw-p 00000000 00:00 0 
eaa80000-ee980000 rw-p 00000000 00:00 0 
ee980000-100000000 rw-p 00000000 00:00 0 
7fa350000000-7fa350021000 rw-p 00000000 00:00 0 
7fa350021000-7fa354000000 ---p 00000000 00:00 0 
7fa354000000-7fa354021000 rw-p 00000000 00:00 0 
7fa354021000-7fa358000000 ---p 00000000 00:00 0 
7fa358000000-7fa359159000 rw-p 00000000 00:00 0 
7fa359159000-7fa35c000000 ---p 00000000 00:00 0 
7fa35c000000-7fa35d033000 rw-p 00000000 00:00 0 
7fa35d033000-7fa360000000 ---p 00000000 00:00 0 
7fa360000000-7fa360021000 rw-p 00000000 00:00 0 
7fa360021000-7fa364000000 ---p 00000000 00:00 0 
7fa364000000-7fa364021000 rw-p 00000000 00:00 0 
7fa364021000-7fa368000000 ---p 00000000 00:00 0 
7fa368000000-7fa368021000 rw-p 00000000 00:00 0 
7fa368021000-7fa36c000000 ---p 00000000 00:00 0 
7fa36c000000-7fa36c021000 rw-p 00000000 00:00 0 
7fa36c021000-7fa370000000 ---p 00000000 00:00 0 
7fa370000000-7fa370021000 rw-p 00000000 00:00 0 
7fa370021000-7fa374000000 ---p 00000000 00:00 0 
7fa374000000-7fa374021000 rw-p 00000000 00:00 0 
7fa374021000-7fa378000000 ---p 00000000 00:00 0 
7fa378000000-7fa378021000 rw-p 00000000 00:00 0 
7fa378021000-7fa37c000000 ---p 00000000 00:00 0 
7fa37c000000-7fa37c021000 rw-p 00000000 00:00 0 
7fa37c021000-7fa380000000 ---p 00000000 00:00 0 
7fa380000000-7fa380021000 rw-p 00000000 00:00 0 
7fa380021000-7fa384000000 ---p 00000000 00:00 0 
7fa384000000-7fa384021000 rw-p 00000000 00:00 0 
7fa384021000-7fa388000000 ---p 00000000 00:00 0 
7fa388000000-7fa388021000 rw-p 00000000 00:00 0 
7fa388021000-7fa38c000000 ---p 00000000 00:00 0 
7fa38c052000-7fa38c068000 r-xp 00000000 08:01 11410469                   /usr/lib/jdk/jdk1.7.0_79/jre/lib/amd64/libnet.so
7fa38c068000-7fa38c268000 ---p 00016000 08:01 11410469                   /usr/lib/jdk/jdk1.7.0_79/jre/lib/amd64/libnet.so
7fa38c268000-7fa38c269000 rw-p 00016000 08:01 11410469                   /usr/lib/jdk/jdk1.7.0_79/jre/lib/amd64/libnet.so
7fa38c269000-7fa38c279000 r-xp 00000000 08:01 11410509                   /usr/lib/jdk/jdk1.7.0_79/jre/lib/amd64/libnio.so
7fa38c279000-7fa38c479000 ---p 00010000 08:01 11410509                   /usr/lib/jdk/jdk1.7.0_79/jre/lib/amd64/libnio.so
7fa38c479000-7fa38c47a000 rw-p 00010000 08:01 11410509                   /usr/lib/jdk/jdk1.7.0_79/jre/lib/amd64/libnio.so
7fa38c47a000-7fa38c47b000 ---p 00000000 00:00 0 
7fa38c47b000-7fa38c57b000 rw-p 00000000 00:00 0                          [stack:4805]
7fa38c57b000-7fa38c57e000 ---p 00000000 00:00 0 
7fa38c57e000-7fa38c67c000 rw-p 00000000 00:00 0                          [stack:4804]
7fa38c67c000-7fa38c67f000 ---p 00000000 00:00 0 
7fa38c67f000-7fa38c77d000 rw-p 00000000 00:00 0                          [stack:4803]
7fa38c77d000-7fa38c780000 ---p 00000000 00:00 0 
7fa38c780000-7fa38c87e000 rw-p 00000000 00:00 0                          [stack:4802]
7fa38c87e000-7fa38c881000 ---p 00000000 00:00 0 
7fa38c881000-7fa38c97f000 rw-p 00000000 00:00 0                          [stack:4801]
7fa38c97f000-7fa38d063000 r--p 00000000 08:01 6167052                    /usr/lib/locale/locale-archive
7fa38d063000-7fa38d066000 ---p 00000000 00:00 0 
7fa38d066000-7fa38d164000 rw-p 00000000 00:00 0                          [stack:4800]
7fa38d164000-7fa38d167000 ---p 00000000 00:00 0 
7fa38d167000-7fa38d265000 rw-p 00000000 00:00 0                          [stack:4799]
7fa38d265000-7fa38d266000 ---p 00000000 00:00 0 
7fa38d266000-7fa390000000 rw-p 00000000 00:00 0                          [stack:4798]
7fa390000000-7fa390021000 rw-p 00000000 00:00 0 
7fa390021000-7fa394000000 ---p 00000000 00:00 0 
7fa39404c000-7fa395000000 rw-p 00000000 00:00 0 
7fa395000000-7fa395270000 rwxp 00000000 00:00 0 
7fa395270000-7fa398460000 rw-p 00000000 00:00 0 
7fa398460000-7fa39c000000 ---p 00000000 00:00 0 
7fa39c00c000-7fa39c2dd000 rw-p 00000000 00:00 0 
7fa39c2dd000-7fa39c49d000 r--s 039f7000 08:01 11410527                   /usr/lib/jdk/jdk1.7.0_79/jre/lib/rt.jar
7fa39c49d000-7fa39c7bf000 rw-p 00000000 00:00 0 
7fa39c7bf000-7fa39c7c0000 ---p 00000000 00:00 0 
7fa39c7c0000-7fa39c8c0000 rw-p 00000000 00:00 0                          [stack:4797]
7fa39c8c0000-7fa39c8c1000 ---p 00000000 00:00 0 
7fa39c8c1000-7fa39c9c1000 rw-p 00000000 00:00 0                          [stack:4796]
7fa39c9c1000-7fa39c9c2000 ---p 00000000 00:00 0 
7fa39c9c2000-7fa39cac2000 rw-p 00000000 00:00 0                          [stack:4795]
7fa39cac2000-7fa39cac3000 ---p 00000000 00:00 0 
7fa39cac3000-7fa39cbc3000 rw-p 00000000 00:00 0                          [stack:4794]
7fa39cbc3000-7fa39cbc4000 ---p 00000000 00:00 0 
7fa39cbc4000-7fa39ccc4000 rw-p 00000000 00:00 0                          [stack:4793]
7fa39ccc4000-7fa39ccc5000 ---p 00000000 00:00 0 
7fa39ccc5000-7fa39cdc5000 rw-p 00000000 00:00 0                          [stack:4792]
7fa39cdc5000-7fa39cdc6000 ---p 00000000 00:00 0 
7fa39cdc6000-7fa39cec6000 rw-p 00000000 00:00 0                          [stack:4791]
7fa39cec6000-7fa39cec7000 ---p 00000000 00:00 0 
7fa39cec7000-7fa39cfd2000 rw-p 00000000 00:00 0                          [stack:4790]
7fa39cfd2000-7fa39cff0000 rw-p 00000000 00:00 0 
7fa39cff0000-7fa39d02f000 rw-p 00000000 00:00 0 
7fa39d02f000-7fa39d146000 rw-p 00000000 00:00 0 
7fa39d146000-7fa39d151000 rw-p 00000000 00:00 0 
7fa39d151000-7fa39d16f000 rw-p 00000000 00:00 0 
7fa39d16f000-7fa39d1ae000 rw-p 00000000 00:00 0 
7fa39d1ae000-7fa39d2c4000 rw-p 00000000 00:00 0 
7fa39d2c4000-7fa39d2e4000 rw-p 00000000 00:00 0 
7fa39d2e4000-7fa39d36f000 rw-p 00000000 00:00 0 
7fa39d36f000-7fa39d370000 rw-p 00000000 00:00 0 
7fa39d370000-7fa39d38a000 r-xp 00000000 08:01 11410490                   /usr/lib/jdk/jdk1.7.0_79/jre/lib/amd64/libzip.so
7fa39d38a000-7fa39d58a000 ---p 0001a000 08:01 11410490                   /usr/lib/jdk/jdk1.7.0_79/jre/lib/amd64/libzip.so
7fa39d58a000-7fa39d58b000 rw-p 0001a000 08:01 11410490                   /usr/lib/jdk/jdk1.7.0_79/jre/lib/amd64/libzip.so
7fa39d58b000-7fa39d596000 r-xp 00000000 08:01 46792723                   /lib/x86_64-linux-gnu/libnss_files-2.19.so
7fa39d596000-7fa39d795000 ---p 0000b000 08:01 46792723                   /lib/x86_64-linux-gnu/libnss_files-2.19.so
7fa39d795000-7fa39d796000 r--p 0000a000 08:01 46792723                   /lib/x86_64-linux-gnu/libnss_files-2.19.so
7fa39d796000-7fa39d797000 rw-p 0000b000 08:01 46792723                   /lib/x86_64-linux-gnu/libnss_files-2.19.so
7fa39d797000-7fa39d7a2000 r-xp 00000000 08:01 46796642                   /lib/x86_64-linux-gnu/libnss_nis-2.19.so
7fa39d7a2000-7fa39d9a1000 ---p 0000b000 08:01 46796642                   /lib/x86_64-linux-gnu/libnss_nis-2.19.so
7fa39d9a1000-7fa39d9a2000 r--p 0000a000 08:01 46796642                   /lib/x86_64-linux-gnu/libnss_nis-2.19.so
7fa39d9a2000-7fa39d9a3000 rw-p 0000b000 08:01 46796642                   /lib/x86_64-linux-gnu/libnss_nis-2.19.so
7fa39d9a3000-7fa39d9ba000 r-xp 00000000 08:01 46792798                   /lib/x86_64-linux-gnu/libnsl-2.19.so
7fa39d9ba000-7fa39dbb9000 ---p 00017000 08:01 46792798                   /lib/x86_64-linux-gnu/libnsl-2.19.so
7fa39dbb9000-7fa39dbba000 r--p 00016000 08:01 46792798                   /lib/x86_64-linux-gnu/libnsl-2.19.so
7fa39dbba000-7fa39dbbb000 rw-p 00017000 08:01 46792798                   /lib/x86_64-linux-gnu/libnsl-2.19.so
7fa39dbbb000-7fa39dbbd000 rw-p 00000000 00:00 0 
7fa39dbbd000-7fa39dbc6000 r-xp 00000000 08:01 46792797                   /lib/x86_64-linux-gnu/libnss_compat-2.19.so
7fa39dbc6000-7fa39ddc5000 ---p 00009000 08:01 46792797                   /lib/x86_64-linux-gnu/libnss_compat-2.19.so
7fa39ddc5000-7fa39ddc6000 r--p 00008000 08:01 46792797                   /lib/x86_64-linux-gnu/libnss_compat-2.19.so
7fa39ddc6000-7fa39ddc7000 rw-p 00009000 08:01 46792797                   /lib/x86_64-linux-gnu/libnss_compat-2.19.so
7fa39ddc7000-7fa39ddf0000 r-xp 00000000 08:01 11410510                   /usr/lib/jdk/jdk1.7.0_79/jre/lib/amd64/libjava.so
7fa39ddf0000-7fa39dff0000 ---p 00029000 08:01 11410510                   /usr/lib/jdk/jdk1.7.0_79/jre/lib/amd64/libjava.so
7fa39dff0000-7fa39dff2000 rw-p 00029000 08:01 11410510                   /usr/lib/jdk/jdk1.7.0_79/jre/lib/amd64/libjava.so
7fa39dff2000-7fa39dfff000 r-xp 00000000 08:01 11410477                   /usr/lib/jdk/jdk1.7.0_79/jre/lib/amd64/libverify.so
7fa39dfff000-7fa39e1fe000 ---p 0000d000 08:01 11410477                   /usr/lib/jdk/jdk1.7.0_79/jre/lib/amd64/libverify.so
7fa39e1fe000-7fa39e200000 rw-p 0000c000 08:01 11410477                   /usr/lib/jdk/jdk1.7.0_79/jre/lib/amd64/libverify.so
7fa39e200000-7fa39e207000 r-xp 00000000 08:01 46792806                   /lib/x86_64-linux-gnu/librt-2.19.so
7fa39e207000-7fa39e406000 ---p 00007000 08:01 46792806                   /lib/x86_64-linux-gnu/librt-2.19.so
7fa39e406000-7fa39e407000 r--p 00006000 08:01 46792806                   /lib/x86_64-linux-gnu/librt-2.19.so
7fa39e407000-7fa39e408000 rw-p 00007000 08:01 46792806                   /lib/x86_64-linux-gnu/librt-2.19.so
7fa39e408000-7fa39e50d000 r-xp 00000000 08:01 46792719                   /lib/x86_64-linux-gnu/libm-2.19.so
7fa39e50d000-7fa39e70c000 ---p 00105000 08:01 46792719                   /lib/x86_64-linux-gnu/libm-2.19.so
7fa39e70c000-7fa39e70d000 r--p 00104000 08:01 46792719                   /lib/x86_64-linux-gnu/libm-2.19.so
7fa39e70d000-7fa39e70e000 rw-p 00105000 08:01 46792719                   /lib/x86_64-linux-gnu/libm-2.19.so
7fa39e70e000-7fa39f283000 r-xp 00000000 08:01 11410501                   /usr/lib/jdk/jdk1.7.0_79/jre/lib/amd64/server/libjvm.so
7fa39f283000-7fa39f483000 ---p 00b75000 08:01 11410501                   /usr/lib/jdk/jdk1.7.0_79/jre/lib/amd64/server/libjvm.so
7fa39f483000-7fa39f547000 rw-p 00b75000 08:01 11410501                   /usr/lib/jdk/jdk1.7.0_79/jre/lib/amd64/server/libjvm.so
7fa39f547000-7fa39f588000 rw-p 00000000 00:00 0 
7fa39f588000-7fa39f743000 r-xp 00000000 08:01 46792803                   /lib/x86_64-linux-gnu/libc-2.19.so
7fa39f743000-7fa39f942000 ---p 001bb000 08:01 46792803                   /lib/x86_64-linux-gnu/libc-2.19.so
7fa39f942000-7fa39f946000 r--p 001ba000 08:01 46792803                   /lib/x86_64-linux-gnu/libc-2.19.so
7fa39f946000-7fa39f948000 rw-p 001be000 08:01 46792803                   /lib/x86_64-linux-gnu/libc-2.19.so
7fa39f948000-7fa39f94d000 rw-p 00000000 00:00 0 
7fa39f94d000-7fa39f950000 r-xp 00000000 08:01 46792734                   /lib/x86_64-linux-gnu/libdl-2.19.so
7fa39f950000-7fa39fb4f000 ---p 00003000 08:01 46792734                   /lib/x86_64-linux-gnu/libdl-2.19.so
7fa39fb4f000-7fa39fb50000 r--p 00002000 08:01 46792734                   /lib/x86_64-linux-gnu/libdl-2.19.so
7fa39fb50000-7fa39fb51000 rw-p 00003000 08:01 46792734                   /lib/x86_64-linux-gnu/libdl-2.19.so
7fa39fb51000-7fa39fb67000 r-xp 00000000 08:01 11409488                   /usr/lib/jdk/jdk1.7.0_79/lib/amd64/jli/libjli.so
7fa39fb67000-7fa39fd67000 ---p 00016000 08:01 11409488                   /usr/lib/jdk/jdk1.7.0_79/lib/amd64/jli/libjli.so
7fa39fd67000-7fa39fd68000 rw-p 00016000 08:01 11409488                   /usr/lib/jdk/jdk1.7.0_79/lib/amd64/jli/libjli.so
7fa39fd68000-7fa39fd81000 r-xp 00000000 08:01 46792804                   /lib/x86_64-linux-gnu/libpthread-2.19.so
7fa39fd81000-7fa39ff80000 ---p 00019000 08:01 46792804                   /lib/x86_64-linux-gnu/libpthread-2.19.so
7fa39ff80000-7fa39ff81000 r--p 00018000 08:01 46792804                   /lib/x86_64-linux-gnu/libpthread-2.19.so
7fa39ff81000-7fa39ff82000 rw-p 00019000 08:01 46792804                   /lib/x86_64-linux-gnu/libpthread-2.19.so
7fa39ff82000-7fa39ff86000 rw-p 00000000 00:00 0 
7fa39ff86000-7fa39ffa9000 r-xp 00000000 08:01 46792800                   /lib/x86_64-linux-gnu/ld-2.19.so
7fa39ffad000-7fa39ffcd000 rw-p 00000000 00:00 0 
7fa39ffcd000-7fa3a0083000 rw-p 00000000 00:00 0 
7fa3a0083000-7fa3a0086000 ---p 00000000 00:00 0 
7fa3a0086000-7fa3a0188000 rw-p 00000000 00:00 0                          [stack:4789]
7fa3a018b000-7fa3a018d000 rw-p 00000000 00:00 0 
7fa3a018d000-7fa3a019c000 r--s 000dd000 08:01 31066361                   /home/mike012610/Android/Sdk/build-tools/22.0.1/lib/dx.jar
7fa3a019c000-7fa3a01a4000 rw-s 00000000 08:01 10882305                   /tmp/hsperfdata_mike012610/4784
7fa3a01a4000-7fa3a01a5000 rw-p 00000000 00:00 0 
7fa3a01a5000-7fa3a01a6000 r--p 00000000 00:00 0 
7fa3a01a6000-7fa3a01a8000 rw-p 00000000 00:00 0 
7fa3a01a8000-7fa3a01a9000 r--p 00022000 08:01 46792800                   /lib/x86_64-linux-gnu/ld-2.19.so
7fa3a01a9000-7fa3a01aa000 rw-p 00023000 08:01 46792800                   /lib/x86_64-linux-gnu/ld-2.19.so
7fa3a01aa000-7fa3a01ab000 rw-p 00000000 00:00 0 
7fffe70e4000-7fffe7107000 rw-p 00000000 00:00 0                          [stack]
7fffe712b000-7fffe712d000 r-xp 00000000 00:00 0                          [vdso]
7fffe712d000-7fffe712f000 r--p 00000000 00:00 0                          [vvar]
ffffffffff600000-ffffffffff601000 r-xp 00000000 00:00 0                  [vsyscall]

VM Arguments:
jvm_args: -Xmx1024M -Dfile.encoding=UTF-8 -Duser.country=TW -Duser.language=zh -Duser.variant 
java_command: com.android.dx.command.Main --dex --output /home/mike012610/course/LBS/GuideBook/GuideBook/app/build/intermediates/dex/debug /home/mike012610/course/LBS/GuideBook/GuideBook/app/build/intermediates/classes/debug /home/mike012610/course/LBS/GuideBook/GuideBook/app/build/intermediates/pre-dexed/debug/support-annotations-22.2.0-83c16f98fe8e3100494570883602756a24a4e1b4.jar /home/mike012610/course/LBS/GuideBook/GuideBook/app/build/intermediates/pre-dexed/debug/classes-b6ad7c904912c3c219dc392468006f5720a23e3e.jar /home/mike012610/course/LBS/GuideBook/GuideBook/app/build/intermediates/pre-dexed/debug/classes-096ad37bfdee44bb00de270e79e0681e0f8a9d4e.jar /home/mike012610/course/LBS/GuideBook/GuideBook/app/build/intermediates/pre-dexed/debug/classes-45e0eb09e36ff64fed461e3be469190a7dd72e98.jar /home/mike012610/course/LBS/GuideBook/GuideBook/app/build/intermediates/pre-dexed/debug/internal_impl-22.0.0-7bcd571238267ddff6933000e981e74056b87cbd.jar /home/mike012610/course/LBS/GuideBook/GuideBook/app/build/intermediates/pre-dexed/debug/classes-9079a9c55bc2498f8fea7ea6d691780835c9a6bb.jar /home/mike012610/course/LBS/GuideBook/GuideBook/app/build/intermediates/pre-dexed/debug/classes-ee032f6c87289fcecce0a00069f8c3c3866ef79c.jar /home/mike012610/course/LBS/GuideBook/GuideBook/app/build/intermediates/pre-dexed/debug/classes-1c2b608db7b97fa3d1a1a41e7413e859b227d179.jar /home/mike012610/course/LBS/GuideBook/GuideBook/app/build/intermediates/pre-dexed/debug/classes-d5e0f26121faac45d727330291437da5de098a3e.jar /home/mike012610/course/LBS/GuideBook/GuideBook/app/build/intermediates/pre-dexed/debug/classes-720abee694c6aa0738518e6d09bcd5b038301fd8.jar /home/mike012610/course/LBS/GuideBook/GuideBook/app/build/intermediates/pre-dexed/debug/classes-ba1943d20db9ca78fae020d06f2e11ba61763cb2.jar /home/mike012610/course/LBS/GuideBook/GuideBook/app/build/intermediates/pre-dexed/debug/classes-27cec85278b3d2db8d4ecd2850b6700322fb3532.jar /home/mike012610/course/LBS/GuideBook/GuideBook/a
Launcher Type: SUN_STANDARD

Environment Variables:
JAVA_HOME=/usr/lib/jdk/jdk1.7.0_25
JRE_HOME=/usr/lib/jdk/jdk1.7.0_25/jre
CLASSPATH=./android-studio/bin/../lib/bootstrap.jar:./android-studio/bin/../lib/extensions.jar:./android-studio/bin/../lib/util.jar:./android-studio/bin/../lib/jdom.jar:./android-studio/bin/../lib/log4j.jar:./android-studio/bin/../lib/trove4j.jar:./android-studio/bin/../lib/jna.jar:/usr/lib/jdk/jdk1.7.0_79/lib/tools.jar
PATH=/usr/lib/jdk/jdk1.7.0_25/bin:/usr/lib/jdk/jdk1.7.0_25/jre/bin:/usr/local/sbin:/usr/local/bin:/usr/sbin:/usr/bin:/sbin:/bin:/usr/games:/usr/local/games
LD_LIBRARY_PATH=./android-studio/bin:
SHELL=/bin/bash
DISPLAY=:0

Signal Handlers:
SIGSEGV: [libjvm.so+0x9a3bf0], sa_mask[0]=0x7ffbfeff, sa_flags=0x10000004
SIGBUS: [libjvm.so+0x9a3bf0], sa_mask[0]=0x7ffbfeff, sa_flags=0x10000004
SIGFPE: [libjvm.so+0x81cb60], sa_mask[0]=0x7ffbfeff, sa_flags=0x10000004
SIGPIPE: [libjvm.so+0x81cb60], sa_mask[0]=0x7ffbfeff, sa_flags=0x10000004
SIGXFSZ: [libjvm.so+0x81cb60], sa_mask[0]=0x7ffbfeff, sa_flags=0x10000004
SIGILL: [libjvm.so+0x81cb60], sa_mask[0]=0x7ffbfeff, sa_flags=0x10000004
SIGUSR1: SIG_DFL, sa_mask[0]=0x00000000, sa_flags=0x00000000
SIGUSR2: [libjvm.so+0x81e360], sa_mask[0]=0x00000004, sa_flags=0x10000004
SIGHUP: [libjvm.so+0x81f480], sa_mask[0]=0x7ffbfeff, sa_flags=0x10000004
SIGINT: [libjvm.so+0x81f480], sa_mask[0]=0x7ffbfeff, sa_flags=0x10000004
SIGTERM: [libjvm.so+0x81f480], sa_mask[0]=0x7ffbfeff, sa_flags=0x10000004
SIGQUIT: [libjvm.so+0x81f480], sa_mask[0]=0x7ffbfeff, sa_flags=0x10000004


---------------  S Y S T E M  ---------------

OS:jessie/sid

uname:Linux 3.16.0-41-generic #55~14.04.1-Ubuntu SMP Sun Jun 14 18:43:36 UTC 2015 x86_64
libc:glibc 2.19 NPTL 2.19 
rlimit: STACK 8192k, CORE 0k, NPROC 47974, NOFILE 4096, AS infinity
load average:0.28 0.43 0.40

/proc/meminfo:
MemTotal:       12302880 kB
MemFree:         7803180 kB
MemAvailable:    8957408 kB
Buffers:          111192 kB
Cached:          1183184 kB
SwapCached:            0 kB
Active:          3493992 kB
Inactive:         675756 kB
Active(anon):    2876596 kB
Inactive(anon):    22656 kB
Active(file):     617396 kB
Inactive(file):   653100 kB
Unevictable:           0 kB
Mlocked:               0 kB
SwapTotal:      14676988 kB
SwapFree:       14676988 kB
Dirty:              7780 kB
Writeback:             0 kB
AnonPages:       2879672 kB
Mapped:           286844 kB
Shmem:             23884 kB
Slab:             145200 kB
SReclaimable:     105332 kB
SUnreclaim:        39868 kB
KernelStack:       10416 kB
PageTables:        35208 kB
NFS_Unstable:          0 kB
Bounce:                0 kB
WritebackTmp:          0 kB
CommitLimit:    20828428 kB
Committed_AS:    5896004 kB
VmallocTotal:   34359738367 kB
VmallocUsed:      163508 kB
VmallocChunk:   34359454092 kB
HardwareCorrupted:     0 kB
AnonHugePages:   1916928 kB
HugePages_Total:       0
HugePages_Free:        0
HugePages_Rsvd:        0
HugePages_Surp:        0
Hugepagesize:       2048 kB
DirectMap4k:       68480 kB
DirectMap2M:    12513280 kB


CPU:total 8 (4 cores per cpu, 2 threads per core) family 6 model 26 stepping 5, cmov, cx8, fxsr, mmx, sse, sse2, sse3, ssse3, sse4.1, sse4.2, popcnt, ht, tsc, tscinvbit, tscinv

/proc/cpuinfo:
processor	: 0
vendor_id	: GenuineIntel
cpu family	: 6
model		: 26
model name	: Intel(R) Core(TM) i7 CPU         930  @ 2.80GHz
stepping	: 5
microcode	: 0x11
cpu MHz		: 2660.000
cache size	: 8192 KB
physical id	: 0
siblings	: 8
core id		: 0
cpu cores	: 4
apicid		: 0
initial apicid	: 0
fpu		: yes
fpu_exception	: yes
cpuid level	: 11
wp		: yes
flags		: fpu vme de pse tsc msr pae mce cx8 apic sep mtrr pge mca cmov pat pse36 clflush dts acpi mmx fxsr sse sse2 ss ht tm pbe syscall nx rdtscp lm constant_tsc arch_perfmon pebs bts rep_good nopl xtopology nonstop_tsc aperfmperf pni dtes64 monitor ds_cpl vmx est tm2 ssse3 cx16 xtpr pdcm sse4_1 sse4_2 popcnt lahf_lm ida dtherm tpr_shadow vnmi flexpriority ept vpid
bogomips	: 5667.17
clflush size	: 64
cache_alignment	: 64
address sizes	: 36 bits physical, 48 bits virtual
power management:

processor	: 1
vendor_id	: GenuineIntel
cpu family	: 6
model		: 26
model name	: Intel(R) Core(TM) i7 CPU         930  @ 2.80GHz
stepping	: 5
microcode	: 0x11
cpu MHz		: 1596.000
cache size	: 8192 KB
physical id	: 0
siblings	: 8
core id		: 1
cpu cores	: 4
apicid		: 2
initial apicid	: 2
fpu		: yes
fpu_exception	: yes
cpuid level	: 11
wp		: yes
flags		: fpu vme de pse tsc msr pae mce cx8 apic sep mtrr pge mca cmov pat pse36 clflush dts acpi mmx fxsr sse sse2 ss ht tm pbe syscall nx rdtscp lm constant_tsc arch_perfmon pebs bts rep_good nopl xtopology nonstop_tsc aperfmperf pni dtes64 monitor ds_cpl vmx est tm2 ssse3 cx16 xtpr pdcm sse4_1 sse4_2 popcnt lahf_lm ida dtherm tpr_shadow vnmi flexpriority ept vpid
bogomips	: 5667.17
clflush size	: 64
cache_alignment	: 64
address sizes	: 36 bits physical, 48 bits virtual
power management:

processor	: 2
vendor_id	: GenuineIntel
cpu family	: 6
model		: 26
model name	: Intel(R) Core(TM) i7 CPU         930  @ 2.80GHz
stepping	: 5
microcode	: 0x11
cpu MHz		: 1596.000
cache size	: 8192 KB
physical id	: 0
siblings	: 8
core id		: 2
cpu cores	: 4
apicid		: 4
initial apicid	: 4
fpu		: yes
fpu_exception	: yes
cpuid level	: 11
wp		: yes
flags		: fpu vme de pse tsc msr pae mce cx8 apic sep mtrr pge mca cmov pat pse36 clflush dts acpi mmx fxsr sse sse2 ss ht tm pbe syscall nx rdtscp lm constant_tsc arch_perfmon pebs bts rep_good nopl xtopology nonstop_tsc aperfmperf pni dtes64 monitor ds_cpl vmx est tm2 ssse3 cx16 xtpr pdcm sse4_1 sse4_2 popcnt lahf_lm ida dtherm tpr_shadow vnmi flexpriority ept vpid
bogomips	: 5667.17
clflush size	: 64
cache_alignment	: 64
address sizes	: 36 bits physical, 48 bits virtual
power management:

processor	: 3
vendor_id	: GenuineIntel
cpu family	: 6
model		: 26
model name	: Intel(R) Core(TM) i7 CPU         930  @ 2.80GHz
stepping	: 5
microcode	: 0x11
cpu MHz		: 1596.000
cache size	: 8192 KB
physical id	: 0
siblings	: 8
core id		: 3
cpu cores	: 4
apicid		: 6
initial apicid	: 6
fpu		: yes
fpu_exception	: yes
cpuid level	: 11
wp		: yes
flags		: fpu vme de pse tsc msr pae mce cx8 apic sep mtrr pge mca cmov pat pse36 clflush dts acpi mmx fxsr sse sse2 ss ht tm pbe syscall nx rdtscp lm constant_tsc arch_perfmon pebs bts rep_good nopl xtopology nonstop_tsc aperfmperf pni dtes64 monitor ds_cpl vmx est tm2 ssse3 cx16 xtpr pdcm sse4_1 sse4_2 popcnt lahf_lm ida dtherm tpr_shadow vnmi flexpriority ept vpid
bogomips	: 5667.17
clflush size	: 64
cache_alignment	: 64
address sizes	: 36 bits physical, 48 bits virtual
power management:

processor	: 4
vendor_id	: GenuineIntel
cpu family	: 6
model		: 26
model name	: Intel(R) Core(TM) i7 CPU         930  @ 2.80GHz
stepping	: 5
microcode	: 0x11
cpu MHz		: 2794.000
cache size	: 8192 KB
physical id	: 0
siblings	: 8
core id		: 0
cpu cores	: 4
apicid		: 1
initial apicid	: 1
fpu		: yes
fpu_exception	: yes
cpuid level	: 11
wp		: yes
flags		: fpu vme de pse tsc msr pae mce cx8 apic sep mtrr pge mca cmov pat pse36 clflush dts acpi mmx fxsr sse sse2 ss ht tm pbe syscall nx rdtscp lm constant_tsc arch_perfmon pebs bts rep_good nopl xtopology nonstop_tsc aperfmperf pni dtes64 monitor ds_cpl vmx est tm2 ssse3 cx16 xtpr pdcm sse4_1 sse4_2 popcnt lahf_lm ida dtherm tpr_shadow vnmi flexpriority ept vpid
bogomips	: 5667.17
clflush size	: 64
cache_alignment	: 64
address sizes	: 36 bits physical, 48 bits virtual
power management:

processor	: 5
vendor_id	: GenuineIntel
cpu family	: 6
model		: 26
model name	: Intel(R) Core(TM) i7 CPU         930  @ 2.80GHz
stepping	: 5
microcode	: 0x11
cpu MHz		: 2794.000
cache size	: 8192 KB
physical id	: 0
siblings	: 8
core id		: 1
cpu cores	: 4
apicid		: 3
initial apicid	: 3
fpu		: yes
fpu_exception	: yes
cpuid level	: 11
wp		: yes
flags		: fpu vme de pse tsc msr pae mce cx8 apic sep mtrr pge mca cmov pat pse36 clflush dts acpi mmx fxsr sse sse2 ss ht tm pbe syscall nx rdtscp lm constant_tsc arch_perfmon pebs bts rep_good nopl xtopology nonstop_tsc aperfmperf pni dtes64 monitor ds_cpl vmx est tm2 ssse3 cx16 xtpr pdcm sse4_1 sse4_2 popcnt lahf_lm ida dtherm tpr_shadow vnmi flexpriority ept vpid
bogomips	: 5667.17
clflush size	: 64
cache_alignment	: 64
address sizes	: 36 bits physical, 48 bits virtual
power management:

processor	: 6
vendor_id	: GenuineIntel
cpu family	: 6
model		: 26
model name	: Intel(R) Core(TM) i7 CPU         930  @ 2.80GHz
stepping	: 5
microcode	: 0x11
cpu MHz		: 2794.000
cache size	: 8192 KB
physical id	: 0
siblings	: 8
core id		: 2
cpu cores	: 4
apicid		: 5
initial apicid	: 5
fpu		: yes
fpu_exception	: yes
cpuid level	: 11
wp		: yes
flags		: fpu vme de pse tsc msr pae mce cx8 apic sep mtrr pge mca cmov pat pse36 clflush dts acpi mmx fxsr sse sse2 ss ht tm pbe syscall nx rdtscp lm constant_tsc arch_perfmon pebs bts rep_good nopl xtopology nonstop_tsc aperfmperf pni dtes64 monitor ds_cpl vmx est tm2 ssse3 cx16 xtpr pdcm sse4_1 sse4_2 popcnt lahf_lm ida dtherm tpr_shadow vnmi flexpriority ept vpid
bogomips	: 5667.17
clflush size	: 64
cache_alignment	: 64
address sizes	: 36 bits physical, 48 bits virtual
power management:

processor	: 7
vendor_id	: GenuineIntel
cpu family	: 6
model		: 26
model name	: Intel(R) Core(TM) i7 CPU         930  @ 2.80GHz
stepping	: 5
microcode	: 0x11
cpu MHz		: 2794.000
cache size	: 8192 KB
physical id	: 0
siblings	: 8
core id		: 3
cpu cores	: 4
apicid		: 7
initial apicid	: 7
fpu		: yes
fpu_exception	: yes
cpuid level	: 11
wp		: yes
flags		: fpu vme de pse tsc msr pae mce cx8 apic sep mtrr pge mca cmov pat pse36 clflush dts acpi mmx fxsr sse sse2 ss ht tm pbe syscall nx rdtscp lm constant_tsc arch_perfmon pebs bts rep_good nopl xtopology nonstop_tsc aperfmperf pni dtes64 monitor ds_cpl vmx est tm2 ssse3 cx16 xtpr pdcm sse4_1 sse4_2 popcnt lahf_lm ida dtherm tpr_shadow vnmi flexpriority ept vpid
bogomips	: 5667.17
clflush size	: 64
cache_alignment	: 64
address sizes	: 36 bits physical, 48 bits virtual
power management:



Memory: 4k page, physical 12302880k(7803180k free), swap 14676988k(14676988k free)

vm_info: Java HotSpot(TM) 64-Bit Server VM (24.79-b02) for linux-amd64 JRE (1.7.0_79-b15), built on Apr 10 2015 11:34:48 by "java_re" with gcc 4.3.0 20080428 (Red Hat 4.3.0-8)

time: Thu Jun 18 02:49:21 2015
elapsed time: 1 seconds

