#
# A fatal error has been detected by the Java Runtime Environment:
#
#  SIGSEGV (0xb) at pc=0x00007f996101e4e1, pid=5696, tid=140295563585280
#
# JRE version: Java(TM) SE Runtime Environment (7.0_79-b15) (build 1.7.0_79-b15)
# Java VM: Java HotSpot(TM) 64-Bit Server VM (24.79-b02 mixed mode linux-amd64 compressed oops)
# Problematic frame:
# j  java.util.concurrent.ConcurrentHashMap$Segment.put(Ljava/lang/Object;ILjava/lang/Object;Z)Ljava/lang/Object;+1
#
# Failed to write core dump. Core dumps have been disabled. To enable core dumping, try "ulimit -c unlimited" before starting Java again
#
# If you would like to submit a bug report, please visit:
#   http://bugreport.java.com/bugreport/crash.jsp
#

---------------  T H R E A D  ---------------

Current thread (0x00007f990c00b800):  JavaThread "Daemon worker" [_thread_in_Java, id=5719, stack(0x00007f991b2b2000,0x00007f991b3b3000)]

siginfo:si_signo=SIGSEGV: si_errno=0, si_code=1 (SEGV_MAPERR), si_addr=0x000000006dbf54c4

Registers:
RAX=0x000000006dbf54b8, RBX=0x00000000000000be, RCX=0x00000000b016c090, RDX=0x0000000000000024
RSP=0x00007f991b3af4c8, RBP=0x00007f991b3af508, RSI=0x00007f991b3af470, RDI=0x00007f9961006350
R8 =0x0000000000000000, R9 =0x0000000000000001, R10=0x00007f996be1ee20, R11=0x00007f991b3af360
R12=0x0000000000000000, R13=0x00000000b0168214, R14=0x00007f991b3af578, R15=0x00007f990c00b800
RIP=0x00007f996101e4e1, EFLAGS=0x0000000000010206, CSGSFS=0x0000000000000033, ERR=0x0000000000000004
  TRAPNO=0x000000000000000e

Top of Stack: (sp=0x00007f991b3af4c8)
0x00007f991b3af4c8:   00007f991b3af4c8 00000000b01681f9
0x00007f991b3af4d8:   00007f991b3af578 00000000b016c090
0x00007f991b3af4e8:   00000000b08a9948 00000000b0168320
0x00007f991b3af4f8:   0000000000000000 00007f991b3af558
0x00007f991b3af508:   00007f991b3af5c0 00007f9961006233
0x00007f991b3af518:   0000000000000000 0000000000000000
0x00007f991b3af528:   0000000000000000 0000000000000000
0x00007f991b3af538:   0000000000000000 000000006dbf54b8
0x00007f991b3af548:   0000000000000000 0000000000000000
0x00007f991b3af558:   0000000000000001 00000000eabcbcc0
0x00007f991b3af568:   00000000fef2493e 00000000eabcba98
0x00007f991b3af578:   00000000edbf5470 00007f991b3af580
0x00007f991b3af588:   00000000b0165063 00007f991b3af5f8
0x00007f991b3af598:   00000000b01664b8 0000000000000000
0x00007f991b3af5a8:   00000000b0165078 00007f991b3af558
0x00007f991b3af5b8:   00007f991b3af5e8 00007f991b3af640
0x00007f991b3af5c8:   00007f9961006233 000000000000000f
0x00007f991b3af5d8:   00000000fef2493e 00000000edbf5470
0x00007f991b3af5e8:   00000000eabcbcc0 00000000eabcba98
0x00007f991b3af5f8:   00000000edbf53f0 00007f991b3af600
0x00007f991b3af608:   00000000b0018ecf 00007f991b3af668
0x00007f991b3af618:   00000000b00ac5c8 00000000b09370c0
0x00007f991b3af628:   00000000b0018ee8 00007f991b3af5e8
0x00007f991b3af638:   00007f991b3af660 00007f991b3af6b0
0x00007f991b3af648:   00007f9961006233 00000000eabcbcc0
0x00007f991b3af658:   00000000edbf53a0 00000000eabcba98
0x00007f991b3af668:   00000000edbf53a0 00007f991b3af670
0x00007f991b3af678:   00000000b0018d42 00007f991b3af708
0x00007f991b3af688:   00000000b00ac5c8 00000000b0936d48
0x00007f991b3af698:   00000000b0018df8 00007f991b3af660
0x00007f991b3af6a8:   00007f991b3af6f8 00007f991b3af760
0x00007f991b3af6b8:   00007f9961006233 0000000000000000 

Instructions: (pc=0x00007f996101e4e1)
0x00007f996101e4c1:   00 00 00 00 00 00 00 53 1a 9a 6b 99 7f 00 00 be
0x00007f996101e4d1:   00 00 00 00 00 00 00 00 00 00 00 00 00 00 00 58
0x00007f996101e4e1:   8b 40 0c 41 0f b6 5d 01 49 ff c5 49 ba 20 ce e1
0x00007f996101e4f1:   6b 99 7f 00 00 41 ff 24 da 66 0f 1f 44 00 00 40 

Register to memory mapping:

RAX=0x000000006dbf54b8 is an unknown value
RBX=0x00000000000000be is an unknown value
RCX=0x00000000b016c090 is an oop
{constant pool cache} 
 - klass: {other class}
                 -------------
  0  (0x00000000b016c0b0)  [00|b4|  114]
                 [   0x00000000edc01d60]
                 [   0x000000000000000c]
                 [   0x0000000034400000]
                 -------------
  1  (0x00000000b016c0d0)  [00|b4|  115]
                 [   0x00000000edc01d60]
                 [   0x0000000000000010]
                 [   0x0000000074400001]
                 -------------
  2  (0x00000000b016c0f0)  [b5|b4|  116]
                 [   0x00000000edc01d60]
                 [   0x0000000000000014]
                 [   0x0000000074200002]
                 -------------
  3  (0x00000000b016c110)  [b5|b4|  117]
                 [   0x00000000edc01d60]
                 [   0x0000000000000018]
                 [   0x0000000074200003]
                 -------------
  4  (0x00000000b016c130)  [b5|b4|  118]
                 [   0x00000000edc01c98]
                 [   0x000000000000001c]
                 [   0x0000000054400006]
                 -------------
  5  (0x00000000b016c150)  [00|00|  119]
                 [   0x00000000edc01c98]
                 [   0x0000000000000060]
                 [   0x0000000034400001]
                 -------------
  6  (0x00000000b016c170)  [b5|b4|  120]
                 [   0x00000000edc01c98]
                 [   0x0000000000000010]
                 [   0x0000000034000003]
                 -------------
  7  (0x00000000b016c190)  [b5|b4|  121]
                 [   0x00000000edc01c98]
                 [   0x0000000000000014]
                 [   0x0000000034000004]
                 -------------
  8  (0x00000000b016c1b0)  [b5|b4|  122]
                 [   0x00000000edc01c98]
                 [   0x0000000000000018]
                 [   0x0000000034000005]
                 -------------
  9  (0x00000000b016c1d0)  [b5|b4|  123]
                 [   0x00000000edc01c98]
                 [   0x0000000000000020]
                 [   0x0000000074200002]
                 -------------
 10  (0x00000000b016c1f0)  [b6|00|  124]
                 [   0x0000000000000000]
                 [   0x0000000000000001]
                 [   0x0000000000000002]
                 -------------
 11  (0x00000000b016c210)  [b6|00|  125]
                 [   0x0000000000000000]
                 [   0x000000000000000f]
                 [   0x0000000030000001]
                 -------------
 12  (0x00000000b016c230)  [00|b8|  126]
                 [   0x00000000b0144878]
                 [   0x0000000000000000]
                 [   0x0000000070000000]
                 -------------
 13  (0x00000000b016c250)  [00|b8|  127]
                 [   0x00000000b0163a28]
                 [   0x0000000000000000]
                 [   0x0000000070400002]
                 -------------
 14  (0x00000000b016c270)  [00|b8|  128]
                 [   0x00000000b0163b08]
                 [   0x0000000000000000]
                 [   0xffffffff80400003]
                 -------------
 15  (0x00000000b016c290)  [00|b8|  129]
                 [   0x00000000b0164058]
                 [   0x0000000000000000]
                 [   0x0000000070400002]
                 -------------
 16  (0x00000000b016c2b0)  [b6|00|  130]
                 [   0x0000000000000000]
                 [   0x00000000b01674d8]
                 [   0xffffffff80500002]
                 -------------
 17  (0x00000000b016c2d0)  [00|b7|  131]
                 [   0x00000000b0167400]
                 [   0x0000000000000000]
                 [   0xffffffff80400005]
                 -------------
 18  (0x00000000b016c2f0)  [00|00|  132]
                 [   0x0000000000000000]
                 [   0x0000000000000000]
                 [   0x0000000000000000]
                 -------------
 19  (0x00000000b016c310)  [b6|00|  133]
                 [   0x0000000000000000]
                 [   0x0000000000000006]
                 [   0xffffffff80000001]
                 -------------
 20  (0x00000000b016c330)  [b6|00|  134]
                 [   0x0000000000000000]
                 [   0x0000000000000007]
                 [   0x0000000000000001]
                 -------------
 21  (0x00000000b016c350)  [00|00|  135]
                 [   0x0000000000000000]
                 [   0x0000000000000000]
                 [   0x0000000000000000]
                 -------------
 22  (0x00000000b016c370)  [00|b7|  136]
                 [   0x00000000b0168518]
                 [   0x0000000000000000]
                 [   0xffffffff80400002]
                 -------------
 23  (0x00000000b016c390)  [00|00|  137]
                 [   0x0000000000000000]
                 [   0x0000000000000000]
                 [   0x0000000000000000]
                 -------------
 24  (0x00000000b016c3b0)  [00|b7|  138]
                 [   0x00000000b0169e30]
                 [   0x0000000000000000]
                 [   0xffffffff80000001]
                 -------------
RDX=0x0000000000000024 is an unknown value
RSP=0x00007f991b3af4c8 is pointing into the stack for thread: 0x00007f990c00b800
RBP=0x00007f991b3af508 is pointing into the stack for thread: 0x00007f990c00b800
RSI=0x00007f991b3af470 is pointing into the stack for thread: 0x00007f990c00b800
RDI=0x00007f9961006350 is at code_begin+3280 in an Interpreter codelet
return entry points  [0x00007f9961005680, 0x00007f9961007480]  7680 bytes
R8 =0x0000000000000000 is an unknown value
R9 =0x0000000000000001 is an unknown value
R10=0x00007f996be1ee20: <offset 0xe54e20> in /usr/lib/jdk/jdk1.7.0_79/jre/lib/amd64/server/libjvm.so at 0x00007f996afca000
R11=0x00007f991b3af360 is pointing into the stack for thread: 0x00007f990c00b800
R12=0x0000000000000000 is an unknown value
R13=0x00000000b0168214 is pointing into object: 0x00000000b01681b8
{constMethod} 
 - klass: {other class}
 - constants:       0x00000000b0167ad0 constant pool [142] for 'java/util/concurrent/ConcurrentHashMap$Segment' cache=0x00000000b016c090
bci_from(0xb0168214) = 28; print_codes():
R14=0x00007f991b3af578 is pointing into the stack for thread: 0x00007f990c00b800
R15=0x00007f990c00b800 is a thread


Stack: [0x00007f991b2b2000,0x00007f991b3b3000],  sp=0x00007f991b3af4c8,  free space=1013k
Native frames: (J=compiled Java code, j=interpreted, Vv=VM code, C=native code)
j  java.util.concurrent.ConcurrentHashMap$Segment.put(Ljava/lang/Object;ILjava/lang/Object;Z)Ljava/lang/Object;+1
j  java.util.concurrent.ConcurrentHashMap.putIfAbsent(Ljava/lang/Object;Ljava/lang/Object;)Ljava/lang/Object;+75
j  java.lang.ClassLoader.getClassLoadingLock(Ljava/lang/String;)Ljava/lang/Object;+23
j  java.lang.ClassLoader.loadClass(Ljava/lang/String;Z)Ljava/lang/Class;+2
j  java.lang.ClassLoader.loadClass(Ljava/lang/String;Z)Ljava/lang/Class;+38
j  java.lang.ClassLoader.loadClass(Ljava/lang/String;Z)Ljava/lang/Class;+38
j  java.lang.ClassLoader.loadClass(Ljava/lang/String;)Ljava/lang/Class;+3
v  ~StubRoutines::call_stub
V  [libjvm.so+0x600e95]  JavaCalls::call_helper(JavaValue*, methodHandle*, JavaCallArguments*, Thread*)+0x365
V  [libjvm.so+0x5ff8f8]  JavaCalls::call(JavaValue*, methodHandle, JavaCallArguments*, Thread*)+0x28
V  [libjvm.so+0x5ffbc7]  JavaCalls::call_virtual(JavaValue*, KlassHandle, Symbol*, Symbol*, JavaCallArguments*, Thread*)+0x197
V  [libjvm.so+0x5ffc96]  JavaCalls::call_virtual(JavaValue*, Handle, KlassHandle, Symbol*, Symbol*, Handle, Thread*)+0x56
V  [libjvm.so+0x9255b9]  SystemDictionary::load_instance_class(Symbol*, Handle, Thread*)+0x419
V  [libjvm.so+0x925d61]  SystemDictionary::resolve_instance_class_or_null(Symbol*, Handle, Handle, Thread*)+0x791
V  [libjvm.so+0x9261c4]  SystemDictionary::resolve_or_null(Symbol*, Handle, Handle, Thread*)+0x54
V  [libjvm.so+0x9272a4]  SystemDictionary::resolve_or_fail(Symbol*, Handle, Handle, bool, Thread*)+0x34
V  [libjvm.so+0x491968]  constantPoolOopDesc::klass_at_impl(constantPoolHandle, int, Thread*)+0x278
V  [libjvm.so+0x5f8e24]  InterpreterRuntime::_new(JavaThread*, constantPoolOopDesc*, int)+0x74
j  org.gradle.api.internal.tasks.CompileServices.registerBuildServices(Lorg/gradle/internal/service/ServiceRegistration;)V+1
j  org.gradle.internal.service.scopes.BuildScopeServices$1.execute(Lorg/gradle/internal/service/ServiceRegistration;)V+54
j  org.gradle.internal.service.scopes.BuildScopeServices$1.execute(Ljava/lang/Object;)V+5
j  org.gradle.internal.service.DefaultServiceRegistry.register(Lorg/gradle/api/Action;)V+5
j  org.gradle.internal.service.scopes.BuildScopeServices.<init>(Lorg/gradle/internal/service/ServiceRegistry;Lorg/gradle/StartParameter;)V+23
j  org.gradle.initialization.DefaultGradleLauncherFactory.doNewInstance(Lorg/gradle/StartParameter;Lorg/gradle/initialization/BuildCancellationToken;Lorg/gradle/initialization/BuildRequestMetaData;)Lorg/gradle/initialization/DefaultGradleLauncher;+9
j  org.gradle.initialization.DefaultGradleLauncherFactory.newInstance(Lorg/gradle/StartParameter;Lorg/gradle/initialization/BuildCancellationToken;Lorg/gradle/initialization/BuildRequestMetaData;)Lorg/gradle/initialization/DefaultGradleLauncher;+28
j  org.gradle.initialization.DefaultGradleLauncherFactory.newInstance(Lorg/gradle/StartParameter;Lorg/gradle/initialization/BuildCancellationToken;Lorg/gradle/initialization/BuildRequestMetaData;)Lorg/gradle/initialization/GradleLauncher;+4
j  org.gradle.launcher.exec.InProcessBuildActionExecuter$DefaultBuildController.getLauncher()Lorg/gradle/initialization/DefaultGradleLauncher;+52
j  org.gradle.launcher.exec.InProcessBuildActionExecuter$DefaultBuildController.getGradle()Lorg/gradle/api/internal/GradleInternal;+1
j  org.gradle.tooling.internal.provider.BuildModelAction.run(Lorg/gradle/initialization/BuildController;)Lorg/gradle/tooling/internal/provider/BuildActionResult;+1
j  org.gradle.tooling.internal.provider.BuildModelAction.run(Lorg/gradle/initialization/BuildController;)Ljava/lang/Object;+2
j  org.gradle.tooling.internal.provider.ConfiguringBuildAction.run(Lorg/gradle/initialization/BuildController;)Ljava/lang/Object;+15
j  org.gradle.launcher.exec.InProcessBuildActionExecuter.execute(Lorg/gradle/initialization/BuildAction;Lorg/gradle/initialization/BuildCancellationToken;Lorg/gradle/launcher/exec/BuildActionParameters;)Ljava/lang/Object;+19
j  org.gradle.launcher.exec.InProcessBuildActionExecuter.execute(Lorg/gradle/initialization/BuildAction;Lorg/gradle/initialization/BuildCancellationToken;Ljava/lang/Object;)Ljava/lang/Object;+7
j  org.gradle.launcher.daemon.server.exec.ExecuteBuild.doBuild(Lorg/gradle/launcher/daemon/server/exec/DaemonCommandExecution;Lorg/gradle/launcher/daemon/protocol/Build;)V+47
j  org.gradle.launcher.daemon.server.exec.BuildCommandOnly.execute(Lorg/gradle/launcher/daemon/server/exec/DaemonCommandExecution;)V+49
j  org.gradle.launcher.daemon.server.exec.DaemonCommandExecution.proceed()Z+28
j  org.gradle.launcher.daemon.server.exec.WatchForDisconnection.execute(Lorg/gradle/launcher/daemon/server/exec/DaemonCommandExecution;)V+19
j  org.gradle.launcher.daemon.server.exec.DaemonCommandExecution.proceed()Z+28
j  org.gradle.launcher.daemon.server.exec.ResetDeprecationLogger.execute(Lorg/gradle/launcher/daemon/server/exec/DaemonCommandExecution;)V+4
j  org.gradle.launcher.daemon.server.exec.DaemonCommandExecution.proceed()Z+28
j  org.gradle.launcher.daemon.server.exec.StartStopIfBuildAndStop.execute(Lorg/gradle/launcher/daemon/server/exec/DaemonCommandExecution;)V+34
j  org.gradle.launcher.daemon.server.exec.DaemonCommandExecution.proceed()Z+28
j  org.gradle.launcher.daemon.server.exec.ForwardClientInput$2.call()Ljava/lang/Void;+4
j  org.gradle.launcher.daemon.server.exec.ForwardClientInput$2.call()Ljava/lang/Object;+1
j  org.gradle.util.Swapper.swap(Ljava/lang/Object;Ljava/util/concurrent/Callable;)Ljava/lang/Object;+21
j  org.gradle.launcher.daemon.server.exec.ForwardClientInput.execute(Lorg/gradle/launcher/daemon/server/exec/DaemonCommandExecution;)V+63
j  org.gradle.launcher.daemon.server.exec.DaemonCommandExecution.proceed()Z+28
j  org.gradle.launcher.daemon.server.exec.LogToClient.doBuild(Lorg/gradle/launcher/daemon/server/exec/DaemonCommandExecution;Lorg/gradle/launcher/daemon/protocol/Build;)V+92
j  org.gradle.launcher.daemon.server.exec.BuildCommandOnly.execute(Lorg/gradle/launcher/daemon/server/exec/DaemonCommandExecution;)V+49
j  org.gradle.launcher.daemon.server.exec.DaemonCommandExecution.proceed()Z+28
j  org.gradle.launcher.daemon.server.exec.EstablishBuildEnvironment.doBuild(Lorg/gradle/launcher/daemon/server/exec/DaemonCommandExecution;Lorg/gradle/launcher/daemon/protocol/Build;)V+237
j  org.gradle.launcher.daemon.server.exec.BuildCommandOnly.execute(Lorg/gradle/launcher/daemon/server/exec/DaemonCommandExecution;)V+49
j  org.gradle.launcher.daemon.server.exec.DaemonCommandExecution.proceed()Z+28
j  org.gradle.launcher.daemon.server.exec.DaemonHygieneAction.execute(Lorg/gradle/launcher/daemon/server/exec/DaemonCommandExecution;)V+1
j  org.gradle.launcher.daemon.server.exec.DaemonCommandExecution.proceed()Z+28
j  org.gradle.launcher.daemon.server.exec.StartBuildOrRespondWithBusy$1.run()V+44
j  org.gradle.launcher.daemon.server.DaemonStateCoordinator$1.run()V+4
j  org.gradle.internal.concurrent.DefaultExecutorFactory$StoppableExecutorImpl$1.run()V+18
j  java.util.concurrent.ThreadPoolExecutor.runWorker(Ljava/util/concurrent/ThreadPoolExecutor$Worker;)V+95
j  java.util.concurrent.ThreadPoolExecutor$Worker.run()V+5
j  java.lang.Thread.run()V+11
v  ~StubRoutines::call_stub
V  [libjvm.so+0x600e95]  JavaCalls::call_helper(JavaValue*, methodHandle*, JavaCallArguments*, Thread*)+0x365
V  [libjvm.so+0x5ff8f8]  JavaCalls::call(JavaValue*, methodHandle, JavaCallArguments*, Thread*)+0x28
V  [libjvm.so+0x5ffbc7]  JavaCalls::call_virtual(JavaValue*, KlassHandle, Symbol*, Symbol*, JavaCallArguments*, Thread*)+0x197
V  [libjvm.so+0x5ffce7]  JavaCalls::call_virtual(JavaValue*, Handle, KlassHandle, Symbol*, Symbol*, Thread*)+0x47
V  [libjvm.so+0x67e805]  thread_entry(JavaThread*, Thread*)+0xe5
V  [libjvm.so+0x95c11f]  JavaThread::thread_main_inner()+0xdf
V  [libjvm.so+0x95c225]  JavaThread::run()+0xf5
V  [libjvm.so+0x821ca8]  java_start(Thread*)+0x108


---------------  P R O C E S S  ---------------

Java Threads: ( => current thread )
  0x00007f9908011000 JavaThread "Stdin handler" [_thread_blocked, id=5722, stack(0x00007f991b1b1000,0x00007f991b2b2000)]
=>0x00007f990c00b800 JavaThread "Daemon worker" [_thread_in_Java, id=5719, stack(0x00007f991b2b2000,0x00007f991b3b3000)]
  0x00007f990c00a000 JavaThread "Cancel handler" [_thread_blocked, id=5718, stack(0x00007f991b3b3000,0x00007f991b4b4000)]
  0x00007f990c003800 JavaThread "Handler for socket connection from /127.0.0.1:60462 to /127.0.0.1:53980" [_thread_in_native, id=5717, stack(0x00007f991b4b4000,0x00007f991b5b5000)]
  0x00007f9914004800 JavaThread "Daemon" [_thread_blocked, id=5716, stack(0x00007f991b5b5000,0x00007f991b6b6000)]
  0x00007f9964675000 JavaThread "Incoming local TCP Connector on port 60462" [_thread_in_native, id=5715, stack(0x00007f991b6b6000,0x00007f991b7b7000)]
  0x00007f99640a1000 JavaThread "Service Thread" daemon [_thread_blocked, id=5713, stack(0x00007f9958712000,0x00007f9958813000)]
  0x00007f996409f000 JavaThread "C2 CompilerThread1" daemon [_thread_blocked, id=5712, stack(0x00007f9958813000,0x00007f9958914000)]
  0x00007f996409c000 JavaThread "C2 CompilerThread0" daemon [_thread_in_native, id=5711, stack(0x00007f9958914000,0x00007f9958a15000)]
  0x00007f9964099800 JavaThread "Signal Dispatcher" daemon [_thread_blocked, id=5710, stack(0x00007f9958a15000,0x00007f9958b16000)]
  0x00007f9964079000 JavaThread "Finalizer" daemon [_thread_blocked, id=5709, stack(0x00007f99591fa000,0x00007f99592fb000)]
  0x00007f9964077000 JavaThread "Reference Handler" daemon [_thread_blocked, id=5708, stack(0x00007f99592fb000,0x00007f99593fc000)]
  0x00007f996400a000 JavaThread "main" [_thread_blocked, id=5697, stack(0x00007f996c93f000,0x00007f996ca40000)]

Other Threads:
  0x00007f9964072800 VMThread [stack: 0x00007f99593fc000,0x00007f99594fd000] [id=5707]
  0x00007f99640ac000 WatcherThread [stack: 0x00007f9958611000,0x00007f9958712000] [id=5714]

VM state:not at safepoint (normal execution)

VM Mutex/Monitor currently owned by a thread: None

Heap
 PSYoungGen      total 56832K, used 8311K [0x00000000eaa80000, 0x00000000f1980000, 0x0000000100000000)
  eden space 49152K, 3% used [0x00000000eaa80000,0x00000000eac11d60,0x00000000eda80000)
  from space 7680K, 87% used [0x00000000eda80000,0x00000000ee10c048,0x00000000ee200000)
  to   space 7680K, 0% used [0x00000000f1200000,0x00000000f1200000,0x00000000f1980000)
 ParOldGen       total 128000K, used 8K [0x00000000c0000000, 0x00000000c7d00000, 0x00000000eaa80000)
  object space 128000K, 0% used [0x00000000c0000000,0x00000000c0002000,0x00000000c7d00000)
 PSPermGen       total 21504K, used 9763K [0x00000000b0000000, 0x00000000b1500000, 0x00000000c0000000)
  object space 21504K, 45% used [0x00000000b0000000,0x00000000b0988d78,0x00000000b1500000)

Card table byte_map: [0x00007f99699ab000,0x00007f9969c2c000] byte_map_base: 0x00007f996942b000

Polling page: 0x00007f996ca61000

Code Cache  [0x00007f9961000000, 0x00007f9961270000, 0x00007f9964000000)
 total_blobs=372 nmethods=108 adapters=216 free_code_cache=48476Kb largest_free_block=49620800

Compilation events (10 events):
Event: 0.779 Thread 0x00007f996409f000  104             java.util.zip.ZipCoder::encoder (35 bytes)
Event: 0.780 Thread 0x00007f996409f000 nmethod 104 0x00007f99610a6210 code [0x00007f99610a6380, 0x00007f99610a64e8]
Event: 0.785 Thread 0x00007f996409f000  105             java.lang.StringBuilder::append (8 bytes)
Event: 0.788 Thread 0x00007f996409f000 nmethod 105 0x00007f99610a4910 code [0x00007f99610a4a60, 0x00007f99610a4d78]
Event: 0.788 Thread 0x00007f996409f000  106             java.lang.Character::toLowerCase (9 bytes)
Event: 0.789 Thread 0x00007f996409f000 nmethod 106 0x00007f99610a4290 code [0x00007f99610a43e0, 0x00007f99610a4538]
Event: 0.789 Thread 0x00007f996409f000  107             java.lang.CharacterDataLatin1::toLowerCase (39 bytes)
Event: 0.789 Thread 0x00007f996409f000 nmethod 107 0x00007f99610a4010 code [0x00007f99610a4140, 0x00007f99610a41f8]
Event: 0.804 Thread 0x00007f996409f000  109             java.util.Arrays::copyOf (19 bytes)
Event: 0.820 Thread 0x00007f996409f000 nmethod 109 0x00007f99610a3590 code [0x00007f99610a36e0, 0x00007f99610a38b8]

GC Heap History (2 events):
Event: 0.804 GC heap before
{Heap before GC invocations=1 (full 0):
 PSYoungGen      total 56832K, used 49152K [0x00000000eaa80000, 0x00000000ee980000, 0x0000000100000000)
  eden space 49152K, 100% used [0x00000000eaa80000,0x00000000eda80000,0x00000000eda80000)
  from space 7680K, 0% used [0x00000000ee200000,0x00000000ee200000,0x00000000ee980000)
  to   space 7680K, 0% used [0x00000000eda80000,0x00000000eda80000,0x00000000ee200000)
 ParOldGen       total 128000K, used 0K [0x00000000c0000000, 0x00000000c7d00000, 0x00000000eaa80000)
  object space 128000K, 0% used [0x00000000c0000000,0x00000000c0000000,0x00000000c7d00000)
 PSPermGen       total 21504K, used 9724K [0x00000000b0000000, 0x00000000b1500000, 0x00000000c0000000)
  object space 21504K, 45% used [0x00000000b0000000,0x00000000b097f2a8,0x00000000b1500000)
Event: 0.818 GC heap after
Heap after GC invocations=1 (full 0):
 PSYoungGen      total 56832K, used 6704K [0x00000000eaa80000, 0x00000000f1980000, 0x0000000100000000)
  eden space 49152K, 0% used [0x00000000eaa80000,0x00000000eaa80000,0x00000000eda80000)
  from space 7680K, 87% used [0x00000000eda80000,0x00000000ee10c048,0x00000000ee200000)
  to   space 7680K, 0% used [0x00000000f1200000,0x00000000f1200000,0x00000000f1980000)
 ParOldGen       total 128000K, used 8K [0x00000000c0000000, 0x00000000c7d00000, 0x00000000eaa80000)
  object space 128000K, 0% used [0x00000000c0000000,0x00000000c0002000,0x00000000c7d00000)
 PSPermGen       total 21504K, used 9724K [0x00000000b0000000, 0x00000000b1500000, 0x00000000c0000000)
  object space 21504K, 45% used [0x00000000b0000000,0x00000000b097f2a8,0x00000000b1500000)
}

Deoptimization events (10 events):
Event: 0.358 Thread 0x00007f996400a000 Uncommon trap: reason=class_check action=maybe_recompile pc=0x00007f9961066078 method=java.util.Properties$LineReader.readLine()I @ 62
Event: 0.359 Thread 0x00007f996400a000 Uncommon trap: reason=class_check action=maybe_recompile pc=0x00007f9961066078 method=java.util.Properties$LineReader.readLine()I @ 62
Event: 0.359 Thread 0x00007f996400a000 Uncommon trap: reason=class_check action=maybe_recompile pc=0x00007f9961066078 method=java.util.Properties$LineReader.readLine()I @ 62
Event: 0.377 Thread 0x00007f996400a000 Uncommon trap: reason=bimorphic action=maybe_recompile pc=0x00007f9961074458 method=java.util.Properties$LineReader.readLine()I @ 62
Event: 0.377 Thread 0x00007f996400a000 Uncommon trap: reason=bimorphic action=maybe_recompile pc=0x00007f9961074458 method=java.util.Properties$LineReader.readLine()I @ 62
Event: 0.516 Thread 0x00007f996400a000 Uncommon trap: reason=class_check action=maybe_recompile pc=0x00007f996106c724 method=java.util.regex.Matcher.match(II)Z @ 86
Event: 0.520 Thread 0x00007f996400a000 Uncommon trap: reason=bimorphic action=maybe_recompile pc=0x00007f9961074458 method=java.util.Properties$LineReader.readLine()I @ 62
Event: 0.520 Thread 0x00007f996400a000 Uncommon trap: reason=bimorphic action=maybe_recompile pc=0x00007f9961074458 method=java.util.Properties$LineReader.readLine()I @ 62
Event: 0.526 Thread 0x00007f996400a000 Uncommon trap: reason=class_check action=maybe_recompile pc=0x00007f996106c724 method=java.util.regex.Matcher.match(II)Z @ 86
Event: 0.537 Thread 0x00007f996400a000 Uncommon trap: reason=null_check action=make_not_entrant pc=0x00007f996108b520 method=java.util.jar.Attributes.putValue(Ljava/lang/String;Ljava/lang/String;)Ljava/lang/String; @ 13

Internal exceptions (10 events):
Event: 0.822 Thread 0x00007f990c00b800 Threw 0x00000000eab09280 at /HUDSON/workspace/7u-2-build-linux-amd64/jdk7u79/2331/hotspot/src/share/vm/prims/jvm.cpp:1304
Event: 0.823 Thread 0x00007f990c00b800 Threw 0x00000000eab97998 at /HUDSON/workspace/7u-2-build-linux-amd64/jdk7u79/2331/hotspot/src/share/vm/prims/jvm.cpp:1304
Event: 0.823 Thread 0x00007f990c00b800 Threw 0x00000000eab983f8 at /HUDSON/workspace/7u-2-build-linux-amd64/jdk7u79/2331/hotspot/src/share/vm/prims/jvm.cpp:1304
Event: 0.823 Thread 0x00007f990c00b800 Threw 0x00000000eab9f5f0 at /HUDSON/workspace/7u-2-build-linux-amd64/jdk7u79/2331/hotspot/src/share/vm/prims/jvm.cpp:1304
Event: 0.824 Thread 0x00007f990c00b800 Threw 0x00000000eabafca8 at /HUDSON/workspace/7u-2-build-linux-amd64/jdk7u79/2331/hotspot/src/share/vm/prims/jvm.cpp:1304
Event: 0.824 Thread 0x00007f990c00b800 Threw 0x00000000eabb0788 at /HUDSON/workspace/7u-2-build-linux-amd64/jdk7u79/2331/hotspot/src/share/vm/prims/jvm.cpp:1304
Event: 0.824 Thread 0x00007f990c00b800 Threw 0x00000000eabb5f80 at /HUDSON/workspace/7u-2-build-linux-amd64/jdk7u79/2331/hotspot/src/share/vm/prims/jvm.cpp:1304
Event: 0.824 Thread 0x00007f990c00b800 Threw 0x00000000eabbda10 at /HUDSON/workspace/7u-2-build-linux-amd64/jdk7u79/2331/hotspot/src/share/vm/prims/jvm.cpp:1304
Event: 0.824 Thread 0x00007f990c00b800 Threw 0x00000000eabbe2d8 at /HUDSON/workspace/7u-2-build-linux-amd64/jdk7u79/2331/hotspot/src/share/vm/prims/jvm.cpp:1304
Event: 0.824 Thread 0x00007f990c00b800 Threw 0x00000000eabc3730 at /HUDSON/workspace/7u-2-build-linux-amd64/jdk7u79/2331/hotspot/src/share/vm/prims/jvm.cpp:1304

Events (10 events):
Event: 0.822 loading class 0x00007f99080428e0
Event: 0.822 loading class 0x00007f99080428e0 done
Event: 0.822 loading class 0x00007f9908037fe0
Event: 0.822 loading class 0x00007f9908037fe0 done
Event: 0.823 loading class 0x00007f9908038250
Event: 0.823 loading class 0x00007f9908038250 done
Event: 0.824 loading class 0x00007f990803fbf0
Event: 0.824 loading class 0x00007f990803fbf0 done
Event: 0.824 loading class 0x00007f9908038330
Event: 0.824 loading class 0x00007f9908038330 done


Dynamic libraries:
00400000-00401000 r-xp 00000000 08:01 6820901                            /usr/lib/jdk/jdk1.7.0_79/bin/java
00600000-00601000 rw-p 00000000 08:01 6820901                            /usr/lib/jdk/jdk1.7.0_79/bin/java
012f9000-0131a000 rw-p 00000000 00:00 0                                  [heap]
b0000000-b1500000 rw-p 00000000 00:00 0 
b1500000-c0000000 rw-p 00000000 00:00 0 
c0000000-c7d00000 rw-p 00000000 00:00 0 
c7d00000-eaa80000 rw-p 00000000 00:00 0 
eaa80000-f1980000 rw-p 00000000 00:00 0 
f1980000-100000000 rw-p 00000000 00:00 0 
7f98fc000000-7f98fc021000 rw-p 00000000 00:00 0 
7f98fc021000-7f9900000000 ---p 00000000 00:00 0 
7f9904000000-7f9904021000 rw-p 00000000 00:00 0 
7f9904021000-7f9908000000 ---p 00000000 00:00 0 
7f9908000000-7f9908290000 rw-p 00000000 00:00 0 
7f9908290000-7f990c000000 ---p 00000000 00:00 0 
7f990c000000-7f990c021000 rw-p 00000000 00:00 0 
7f990c021000-7f9910000000 ---p 00000000 00:00 0 
7f9910000000-7f9910021000 rw-p 00000000 00:00 0 
7f9910021000-7f9914000000 ---p 00000000 00:00 0 
7f9914000000-7f991402e000 rw-p 00000000 00:00 0 
7f991402e000-7f9918000000 ---p 00000000 00:00 0 
7f991b1b1000-7f991b1b4000 ---p 00000000 00:00 0 
7f991b1b4000-7f991b2b2000 rw-p 00000000 00:00 0                          [stack:5722]
7f991b2b2000-7f991b2b5000 ---p 00000000 00:00 0 
7f991b2b5000-7f991b3b3000 rw-p 00000000 00:00 0                          [stack:5719]
7f991b3b3000-7f991b3b6000 ---p 00000000 00:00 0 
7f991b3b6000-7f991b4b4000 rw-p 00000000 00:00 0                          [stack:5718]
7f991b4b4000-7f991b4b7000 ---p 00000000 00:00 0 
7f991b4b7000-7f991b5b5000 rw-p 00000000 00:00 0                          [stack:5717]
7f991b5b5000-7f991b5b8000 ---p 00000000 00:00 0 
7f991b5b8000-7f991b6b6000 rw-p 00000000 00:00 0                          [stack:5716]
7f991b6b6000-7f991b6b9000 ---p 00000000 00:00 0 
7f991b6b9000-7f991b7b7000 rw-p 00000000 00:00 0                          [stack:5715]
7f991b7b7000-7f991b7cd000 r-xp 00000000 08:01 46796739                   /lib/x86_64-linux-gnu/libgcc_s.so.1
7f991b7cd000-7f991b9cc000 ---p 00016000 08:01 46796739                   /lib/x86_64-linux-gnu/libgcc_s.so.1
7f991b9cc000-7f991b9cd000 rw-p 00015000 08:01 46796739                   /lib/x86_64-linux-gnu/libgcc_s.so.1
7f991b9cd000-7f991bab3000 r-xp 00000000 08:01 6168846                    /usr/lib/x86_64-linux-gnu/libstdc++.so.6.0.19
7f991bab3000-7f991bcb2000 ---p 000e6000 08:01 6168846                    /usr/lib/x86_64-linux-gnu/libstdc++.so.6.0.19
7f991bcb2000-7f991bcba000 r--p 000e5000 08:01 6168846                    /usr/lib/x86_64-linux-gnu/libstdc++.so.6.0.19
7f991bcba000-7f991bcbc000 rw-p 000ed000 08:01 6168846                    /usr/lib/x86_64-linux-gnu/libstdc++.so.6.0.19
7f991bcbc000-7f991bcd1000 rw-p 00000000 00:00 0 
7f991bcef000-7f991bcf3000 r-xp 00000000 08:01 10882302                   /tmp/native-platform8242259650972408909dir/libnative-platform.so
7f991bcf3000-7f991bef2000 ---p 00004000 08:01 10882302                   /tmp/native-platform8242259650972408909dir/libnative-platform.so
7f991bef2000-7f991bef3000 rw-p 00003000 08:01 10882302                   /tmp/native-platform8242259650972408909dir/libnative-platform.so
7f991bef3000-7f991bf01000 r--s 000bc000 08:01 33292612                   /home/mike012610/.gradle/wrapper/dists/gradle-2.2.1-all/c64ydeuardnfqctvr1gm30w53/gradle-2.2.1/lib/plugins/gradle-ide-2.2.1.jar
7f991bf01000-7f991bf02000 rw-p 00000000 00:00 0 
7f991bf02000-7f991bf06000 r--s 0008b000 08:01 11410463                   /usr/lib/jdk/jdk1.7.0_79/jre/lib/jsse.jar
7f991bf06000-7f991bf07000 r--s 00001000 08:01 33292635                   /home/mike012610/.gradle/wrapper/dists/gradle-2.2.1-all/c64ydeuardnfqctvr1gm30w53/gradle-2.2.1/lib/plugins/gradle-plugin-development-2.2.1.jar
7f991bf07000-7f991bf09000 r--s 00002000 08:01 33292634                   /home/mike012610/.gradle/wrapper/dists/gradle-2.2.1-all/c64ydeuardnfqctvr1gm30w53/gradle-2.2.1/lib/plugins/gradle-cunit-2.2.1.jar
7f991bf09000-7f991bf0e000 r--s 00036000 08:01 33292633                   /home/mike012610/.gradle/wrapper/dists/gradle-2.2.1-all/c64ydeuardnfqctvr1gm30w53/gradle-2.2.1/lib/plugins/gradle-ide-native-2.2.1.jar
7f991bf0e000-7f991bf13000 r--s 00013000 08:01 33292632                   /home/mike012610/.gradle/wrapper/dists/gradle-2.2.1-all/c64ydeuardnfqctvr1gm30w53/gradle-2.2.1/lib/plugins/gradle-language-native-2.2.1.jar
7f991bf13000-7f991bf1e000 r--s 0004d000 08:01 33292631                   /home/mike012610/.gradle/wrapper/dists/gradle-2.2.1-all/c64ydeuardnfqctvr1gm30w53/gradle-2.2.1/lib/plugins/gradle-platform-native-2.2.1.jar
7f991bf1e000-7f991bf20000 r--s 00008000 08:01 33292630                   /home/mike012610/.gradle/wrapper/dists/gradle-2.2.1-all/c64ydeuardnfqctvr1gm30w53/gradle-2.2.1/lib/plugins/gradle-language-groovy-2.2.1.jar
7f991bf20000-7f991bf25000 r--s 00022000 08:01 33292629                   /home/mike012610/.gradle/wrapper/dists/gradle-2.2.1-all/c64ydeuardnfqctvr1gm30w53/gradle-2.2.1/lib/plugins/gradle-language-java-2.2.1.jar
7f991bf25000-7f991bf28000 r--s 00007000 08:01 33292628                   /home/mike012610/.gradle/wrapper/dists/gradle-2.2.1-all/c64ydeuardnfqctvr1gm30w53/gradle-2.2.1/lib/plugins/gradle-language-jvm-2.2.1.jar
7f991bf28000-7f991bf2b000 r--s 00009000 08:01 33292627                   /home/mike012610/.gradle/wrapper/dists/gradle-2.2.1-all/c64ydeuardnfqctvr1gm30w53/gradle-2.2.1/lib/plugins/gradle-platform-jvm-2.2.1.jar
7f991bf2b000-7f991bf30000 r--s 00018000 08:01 33292626                   /home/mike012610/.gradle/wrapper/dists/gradle-2.2.1-all/c64ydeuardnfqctvr1gm30w53/gradle-2.2.1/lib/plugins/gradle-platform-base-2.2.1.jar
7f991bf30000-7f991bf35000 r--s 00026000 08:01 33292625                   /home/mike012610/.gradle/wrapper/dists/gradle-2.2.1-all/c64ydeuardnfqctvr1gm30w53/gradle-2.2.1/lib/plugins/gradle-build-init-2.2.1.jar
7f991bf35000-7f991bf38000 r--s 0001d000 08:01 33292624                   /home/mike012610/.gradle/wrapper/dists/gradle-2.2.1-all/c64ydeuardnfqctvr1gm30w53/gradle-2.2.1/lib/plugins/gradle-jacoco-2.2.1.jar
7f991bf38000-7f991bf3b000 r--s 0000d000 08:01 33292623                   /home/mike012610/.gradle/wrapper/dists/gradle-2.2.1-all/c64ydeuardnfqctvr1gm30w53/gradle-2.2.1/lib/plugins/gradle-ivy-2.2.1.jar
7f991bf3b000-7f991bf3d000 r--s 00002000 08:01 33292622                   /home/mike012610/.gradle/wrapper/dists/gradle-2.2.1-all/c64ydeuardnfqctvr1gm30w53/gradle-2.2.1/lib/plugins/gradle-publish-2.2.1.jar
7f991bf3d000-7f991bf3f000 r--s 00005000 08:01 33292660                   /home/mike012610/.gradle/wrapper/dists/gradle-2.2.1-all/c64ydeuardnfqctvr1gm30w53/gradle-2.2.1/lib/plugins/jatl-0.2.2.jar
7f991bf3f000-7f991bf41000 r--s 0000f000 08:01 33292621                   /home/mike012610/.gradle/wrapper/dists/gradle-2.2.1-all/c64ydeuardnfqctvr1gm30w53/gradle-2.2.1/lib/plugins/gradle-reporting-2.2.1.jar
7f991bf41000-7f991bf46000 r--s 00034000 08:01 33292620                   /home/mike012610/.gradle/wrapper/dists/gradle-2.2.1-all/c64ydeuardnfqctvr1gm30w53/gradle-2.2.1/lib/plugins/gradle-diagnostics-2.2.1.jar
7f991bf46000-7f991bf4d000 r--s 00090000 08:01 33292619                   /home/mike012610/.gradle/wrapper/dists/gradle-2.2.1-all/c64ydeuardnfqctvr1gm30w53/gradle-2.2.1/lib/plugins/gradle-build-comparison-2.2.1.jar
7f991bf4d000-7f991bf54000 r--s 00035000 08:01 33292659                   /home/mike012610/.gradle/wrapper/dists/gradle-2.2.1-all/c64ydeuardnfqctvr1gm30w53/gradle-2.2.1/lib/plugins/simple-4.1.21.jar
7f991bf54000-7f991bf60000 r--s 00100000 08:01 33292657                   /home/mike012610/.gradle/wrapper/dists/gradle-2.2.1-all/c64ydeuardnfqctvr1gm30w53/gradle-2.2.1/lib/plugins/rhino-1.7R3.jar
7f991bf60000-7f991bf65000 r--s 0001f000 08:01 33292618                   /home/mike012610/.gradle/wrapper/dists/gradle-2.2.1-all/c64ydeuardnfqctvr1gm30w53/gradle-2.2.1/lib/plugins/gradle-javascript-2.2.1.jar
7f991bf65000-7f991bf67000 r--s 0000e000 08:01 33292617                   /home/mike012610/.gradle/wrapper/dists/gradle-2.2.1-all/c64ydeuardnfqctvr1gm30w53/gradle-2.2.1/lib/plugins/gradle-ear-2.2.1.jar
7f991bf67000-7f991bf6b000 r--s 00025000 08:01 33292656                   /home/mike012610/.gradle/wrapper/dists/gradle-2.2.1-all/c64ydeuardnfqctvr1gm30w53/gradle-2.2.1/lib/plugins/bcpg-jdk15-1.46.jar
7f991bf6b000-7f991bf6e000 r--s 0001d000 08:01 33292616                   /home/mike012610/.gradle/wrapper/dists/gradle-2.2.1-all/c64ydeuardnfqctvr1gm30w53/gradle-2.2.1/lib/plugins/gradle-signing-2.2.1.jar
7f991bf6e000-7f991bf71000 r--s 00018000 08:01 33292615                   /home/mike012610/.gradle/wrapper/dists/gradle-2.2.1-all/c64ydeuardnfqctvr1gm30w53/gradle-2.2.1/lib/plugins/gradle-sonar-2.2.1.jar
7f991bf71000-7f991bf74000 r--s 00017000 08:01 33292614                   /home/mike012610/.gradle/wrapper/dists/gradle-2.2.1-all/c64ydeuardnfqctvr1gm30w53/gradle-2.2.1/lib/plugins/gradle-scala-2.2.1.jar
7f991bf74000-7f991bf8c000 r--s 0013b000 08:01 33292650                   /home/mike012610/.gradle/wrapper/dists/gradle-2.2.1-all/c64ydeuardnfqctvr1gm30w53/gradle-2.2.1/lib/plugins/bndlib-2.1.0.jar
7f991bf8c000-7f991bf92000 r--s 00033000 08:01 33292668                   /home/mike012610/.gradle/wrapper/dists/gradle-2.2.1-all/c64ydeuardnfqctvr1gm30w53/gradle-2.2.1/lib/plugins/snakeyaml-1.6.jar
7f991bf92000-7f991bf93000 r--s 00002000 08:01 33292655                   /home/mike012610/.gradle/wrapper/dists/gradle-2.2.1-all/c64ydeuardnfqctvr1gm30w53/gradle-2.2.1/lib/plugins/sonar-batch-bootstrapper-2.9.jar
7f991bf93000-7f991bf95000 r--s 0000e000 08:01 33292613                   /home/mike012610/.gradle/wrapper/dists/gradle-2.2.1-all/c64ydeuardnfqctvr1gm30w53/gradle-2.2.1/lib/plugins/gradle-announce-2.2.1.jar
7f991bf95000-7f991bf97000 r--s 00000000 08:01 33292654                   /home/mike012610/.gradle/wrapper/dists/gradle-2.2.1-all/c64ydeuardnfqctvr1gm30w53/gradle-2.2.1/lib/plugins/plexus-component-annotations-1.5.2.jar
7f991bf97000-7f991bf9a000 r--s 0000c000 08:01 33292653                   /home/mike012610/.gradle/wrapper/dists/gradle-2.2.1-all/c64ydeuardnfqctvr1gm30w53/gradle-2.2.1/lib/plugins/pmaven-groovy-0.8-20100325.jar
7f991bf9a000-7f991bf9b000 r--s 00004000 08:01 33292652                   /home/mike012610/.gradle/wrapper/dists/gradle-2.2.1-all/c64ydeuardnfqctvr1gm30w53/gradle-2.2.1/lib/plugins/pmaven-common-0.8-20100325.jar
7f991bf9b000-7f991bf9f000 r--s 0001e000 08:01 33292611                   /home/mike012610/.gradle/wrapper/dists/gradle-2.2.1-all/c64ydeuardnfqctvr1gm30w53/gradle-2.2.1/lib/plugins/gradle-maven-2.2.1.jar
7f991bf9f000-7f991bfa1000 r--s 00004000 08:01 33292610                   /home/mike012610/.gradle/wrapper/dists/gradle-2.2.1-all/c64ydeuardnfqctvr1gm30w53/gradle-2.2.1/lib/plugins/gradle-osgi-2.2.1.jar
7f991bfa1000-7f991bfa6000 r--s 00068000 08:01 33292649                   /home/mike012610/.gradle/wrapper/dists/gradle-2.2.1-all/c64ydeuardnfqctvr1gm30w53/gradle-2.2.1/lib/plugins/antlr-2.7.7.jar
7f991bfa6000-7f991bfa7000 r--s 00002000 08:01 33292648                   /home/mike012610/.gradle/wrapper/dists/gradle-2.2.1-all/c64ydeuardnfqctvr1gm30w53/gradle-2.2.1/lib/plugins/ant-antlr-1.9.3.jar
7f991bfa7000-7f991bfa9000 r--s 00004000 08:01 33292609                   /home/mike012610/.gradle/wrapper/dists/gradle-2.2.1-all/c64ydeuardnfqctvr1gm30w53/gradle-2.2.1/lib/plugins/gradle-antlr-2.2.1.jar
7f991bfa9000-7f991bfac000 r--s 0001e000 08:01 33292671                   /home/mike012610/.gradle/wrapper/dists/gradle-2.2.1-all/c64ydeuardnfqctvr1gm30w53/gradle-2.2.1/lib/plugins/jsp-api-2.1-6.1.14.jar
7f991bfac000-7f991bfcf000 r--s 00344000 08:01 33292670                   /home/mike012610/.gradle/wrapper/dists/gradle-2.2.1-all/c64ydeuardnfqctvr1gm30w53/gradle-2.2.1/lib/plugins/core-3.1.1.jar
7f991bfcf000-7f991bfd0000 r--s 00006000 08:01 33292669                   /home/mike012610/.gradle/wrapper/dists/gradle-2.2.1-all/c64ydeuardnfqctvr1gm30w53/gradle-2.2.1/lib/plugins/jetty-naming-6.1.25.jar
7f991bfd0000-7f991bfd2000 r--s 00002000 08:01 33292646                   /home/mike012610/.gradle/wrapper/dists/gradle-2.2.1-all/c64ydeuardnfqctvr1gm30w53/gradle-2.2.1/lib/plugins/jetty-annotations-6.1.25.jar
7f991bfd2000-7f991bfe3000 r--s 000ea000 08:01 33292645                   /home/mike012610/.gradle/wrapper/dists/gradle-2.2.1-all/c64ydeuardnfqctvr1gm30w53/gradle-2.2.1/lib/plugins/jsp-2.1-6.1.14.jar
7f991bfe3000-7f991bfe5000 r--s 0000d000 08:01 33292644                   /home/mike012610/.gradle/wrapper/dists/gradle-2.2.1-all/c64ydeuardnfqctvr1gm30w53/gradle-2.2.1/lib/plugins/jetty-plus-6.1.25.jar
7f991bfe5000-7f991bfe7000 r--s 0001f000 08:01 33292643                   /home/mike012610/.gradle/wrapper/dists/gradle-2.2.1-all/c64ydeuardnfqctvr1gm30w53/gradle-2.2.1/lib/plugins/servlet-api-2.5-20081211.jar
7f991bfe7000-7f991bfeb000 r--s 00028000 08:01 33292642                   /home/mike012610/.gradle/wrapper/dists/gradle-2.2.1-all/c64ydeuardnfqctvr1gm30w53/gradle-2.2.1/lib/plugins/jetty-util-6.1.25.jar
7f991bfeb000-7f991bff2000 r--s 0007d000 08:01 33292641                   /home/mike012610/.gradle/wrapper/dists/gradle-2.2.1-all/c64ydeuardnfqctvr1gm30w53/gradle-2.2.1/lib/plugins/jetty-6.1.25.jar
7f991bff2000-7f991bff4000 r--s 00009000 08:01 33292608                   /home/mike012610/.gradle/wrapper/dists/gradle-2.2.1-all/c64ydeuardnfqctvr1gm30w53/gradle-2.2.1/lib/plugins/gradle-jetty-2.2.1.jar
7f991bff4000-7f991bff9000 r--s 00041000 08:01 33292607                   /home/mike012610/.gradle/wrapper/dists/gradle-2.2.1-all/c64ydeuardnfqctvr1gm30w53/gradle-2.2.1/lib/plugins/gradle-code-quality-2.2.1.jar
7f991bff9000-7f991bffb000 r--s 00009000 08:01 33292679                   /home/mike012610/.gradle/wrapper/dists/gradle-2.2.1-all/c64ydeuardnfqctvr1gm30w53/gradle-2.2.1/lib/plugins/hamcrest-core-1.3.jar
7f991bffb000-7f991c000000 r--s 00040000 08:01 33292666                   /home/mike012610/.gradle/wrapper/dists/gradle-2.2.1-all/c64ydeuardnfqctvr1gm30w53/gradle-2.2.1/lib/plugins/bsh-2.0b4.jar
7f991c000000-7f991c021000 rw-p 00000000 00:00 0 
7f991c021000-7f9920000000 ---p 00000000 00:00 0 
7f9920000000-7f9920021000 rw-p 00000000 00:00 0 
7f9920021000-7f9924000000 ---p 00000000 00:00 0 
7f9924000000-7f99244f0000 rw-p 00000000 00:00 0 
7f99244f0000-7f9928000000 ---p 00000000 00:00 0 
7f9928000000-7f99284f9000 rw-p 00000000 00:00 0 
7f99284f9000-7f992c000000 ---p 00000000 00:00 0 
7f992c000000-7f992c021000 rw-p 00000000 00:00 0 
7f992c021000-7f9930000000 ---p 00000000 00:00 0 
7f9930000000-7f9930021000 rw-p 00000000 00:00 0 
7f9930021000-7f9934000000 ---p 00000000 00:00 0 
7f9934000000-7f9934021000 rw-p 00000000 00:00 0 
7f9934021000-7f9938000000 ---p 00000000 00:00 0 
7f9938000000-7f9938021000 rw-p 00000000 00:00 0 
7f9938021000-7f993c000000 ---p 00000000 00:00 0 
7f993c000000-7f993c021000 rw-p 00000000 00:00 0 
7f993c021000-7f9940000000 ---p 00000000 00:00 0 
7f9940000000-7f9940021000 rw-p 00000000 00:00 0 
7f9940021000-7f9944000000 ---p 00000000 00:00 0 
7f9944000000-7f9944021000 rw-p 00000000 00:00 0 
7f9944021000-7f9948000000 ---p 00000000 00:00 0 
7f9948000000-7f9948021000 rw-p 00000000 00:00 0 
7f9948021000-7f994c000000 ---p 00000000 00:00 0 
7f994c000000-7f994c021000 rw-p 00000000 00:00 0 
7f994c021000-7f9950000000 ---p 00000000 00:00 0 
7f9950000000-7f9950021000 rw-p 00000000 00:00 0 
7f9950021000-7f9954000000 ---p 00000000 00:00 0 
7f9954000000-7f9954021000 rw-p 00000000 00:00 0 
7f9954021000-7f9958000000 ---p 00000000 00:00 0 
7f9958000000-7f9958001000 r--s 00002000 08:01 33292647                   /home/mike012610/.gradle/wrapper/dists/gradle-2.2.1-all/c64ydeuardnfqctvr1gm30w53/gradle-2.2.1/lib/plugins/geronimo-annotation_1.0_spec-1.0.jar
7f9958001000-7f9958003000 r--s 00006000 08:01 33292667                   /home/mike012610/.gradle/wrapper/dists/gradle-2.2.1-all/c64ydeuardnfqctvr1gm30w53/gradle-2.2.1/lib/plugins/jcommander-1.12.jar
7f9958003000-7f9958005000 r--s 00009000 08:01 33292640                   /home/mike012610/.gradle/wrapper/dists/gradle-2.2.1-all/c64ydeuardnfqctvr1gm30w53/gradle-2.2.1/lib/plugins/commons-cli-1.2.jar
7f9958005000-7f995800e000 r--s 00089000 08:01 33292639                   /home/mike012610/.gradle/wrapper/dists/gradle-2.2.1-all/c64ydeuardnfqctvr1gm30w53/gradle-2.2.1/lib/plugins/testng-6.3.1.jar
7f995800e000-7f9958014000 r--s 00036000 08:01 33292638                   /home/mike012610/.gradle/wrapper/dists/gradle-2.2.1-all/c64ydeuardnfqctvr1gm30w53/gradle-2.2.1/lib/plugins/junit-4.11.jar
7f9958014000-7f9958020000 r--s 00075000 08:01 33292606                   /home/mike012610/.gradle/wrapper/dists/gradle-2.2.1-all/c64ydeuardnfqctvr1gm30w53/gradle-2.2.1/lib/plugins/gradle-plugins-2.2.1.jar
7f9958020000-7f9958023000 r--s 00011000 08:01 33292636                   /home/mike012610/.gradle/wrapper/dists/gradle-2.2.1-all/c64ydeuardnfqctvr1gm30w53/gradle-2.2.1/lib/plugins/gradle-plugin-use-2.2.1.jar
7f9958023000-7f995803b000 r--s 00115000 08:01 33292677                   /home/mike012610/.gradle/wrapper/dists/gradle-2.2.1-all/c64ydeuardnfqctvr1gm30w53/gradle-2.2.1/lib/plugins/xercesImpl-2.9.1.jar
7f995803b000-7f9958043000 r--s 00028000 08:01 33292678                   /home/mike012610/.gradle/wrapper/dists/gradle-2.2.1-all/c64ydeuardnfqctvr1gm30w53/gradle-2.2.1/lib/plugins/xml-apis-1.3.04.jar
7f9958043000-7f9958049000 r--s 0005b000 08:01 33292676                   /home/mike012610/.gradle/wrapper/dists/gradle-2.2.1-all/c64ydeuardnfqctvr1gm30w53/gradle-2.2.1/lib/plugins/jcifs-1.3.17.jar
7f9958049000-7f995804f000 r--s 00031000 08:01 33292675                   /home/mike012610/.gradle/wrapper/dists/gradle-2.2.1-all/c64ydeuardnfqctvr1gm30w53/gradle-2.2.1/lib/plugins/httpcore-4.2.2.jar
7f995804f000-7f9958055000 r--s 00033000 08:01 33292674                   /home/mike012610/.gradle/wrapper/dists/gradle-2.2.1-all/c64ydeuardnfqctvr1gm30w53/gradle-2.2.1/lib/plugins/commons-codec-1.6.jar
7f9958055000-7f9958058000 r--s 0001c000 08:01 33292673                   /home/mike012610/.gradle/wrapper/dists/gradle-2.2.1-all/c64ydeuardnfqctvr1gm30w53/gradle-2.2.1/lib/plugins/nekohtml-1.9.14.jar
7f9958058000-7f9958061000 r--s 00060000 08:01 33292672                   /home/mike012610/.gradle/wrapper/dists/gradle-2.2.1-all/c64ydeuardnfqctvr1gm30w53/gradle-2.2.1/lib/plugins/httpclient-4.2.2.jar
7f9958061000-7f9958063000 r--s 00007000 08:01 33292661                   /home/mike012610/.gradle/wrapper/dists/gradle-2.2.1-all/c64ydeuardnfqctvr1gm30w53/gradle-2.2.1/lib/plugins/gradle-resources-http-2.2.1.jar
7f9958063000-7f995808b000 r--s 00194000 08:01 33292665                   /home/mike012610/.gradle/wrapper/dists/gradle-2.2.1-all/c64ydeuardnfqctvr1gm30w53/gradle-2.2.1/lib/plugins/bcprov-jdk15-1.46.jar
7f995808b000-7f995808f000 r--s 0001d000 08:01 33292664                   /home/mike012610/.gradle/wrapper/dists/gradle-2.2.1-all/c64ydeuardnfqctvr1gm30w53/gradle-2.2.1/lib/plugins/xbean-reflect-3.4.jar
7f995808f000-7f9958094000 r--s 0002a000 08:01 33292658                   /home/mike012610/.gradle/wrapper/dists/gradle-2.2.1-all/c64ydeuardnfqctvr1gm30w53/gradle-2.2.1/lib/plugins/gson-2.2.4.jar
7f9958094000-7f9958098000 r--s 0003d000 08:01 33292663                   /home/mike012610/.gradle/wrapper/dists/gradle-2.2.1-all/c64ydeuardnfqctvr1gm30w53/gradle-2.2.1/lib/plugins/jsch-0.1.51.jar
7f9958098000-7f99580b1000 r--s 00129000 08:01 33292651                   /home/mike012610/.gradle/wrapper/dists/gradle-2.2.1-all/c64ydeuardnfqctvr1gm30w53/gradle-2.2.1/lib/plugins/maven-ant-tasks-2.1.3.jar
7f99580b1000-7f99580c0000 r--s 000d9000 08:01 33292662                   /home/mike012610/.gradle/wrapper/dists/gradle-2.2.1-all/c64ydeuardnfqctvr1gm30w53/gradle-2.2.1/lib/plugins/ivy-2.2.0.jar
7f99580c0000-7f99580c4000 r--s 0001e000 08:01 33292605                   /home/mike012610/.gradle/wrapper/dists/gradle-2.2.1-all/c64ydeuardnfqctvr1gm30w53/gradle-2.2.1/lib/plugins/jarjar-aether-impl-1.13.1.jar
7f99580c4000-7f99580c7000 r--s 00027000 08:01 33292604                   /home/mike012610/.gradle/wrapper/dists/gradle-2.2.1-all/c64ydeuardnfqctvr1gm30w53/gradle-2.2.1/lib/plugins/jarjar-maven-model-3.0.4.jar
7f99580c7000-7f99580ca000 r--s 0000b000 08:01 33292603                   /home/mike012610/.gradle/wrapper/dists/gradle-2.2.1-all/c64ydeuardnfqctvr1gm30w53/gradle-2.2.1/lib/plugins/jarjar-maven-artifact-3.0.4.jar
7f99580ca000-7f99580ce000 r--s 0001e000 08:01 33292602                   /home/mike012610/.gradle/wrapper/dists/gradle-2.2.1-all/c64ydeuardnfqctvr1gm30w53/gradle-2.2.1/lib/plugins/jarjar-aether-util-1.13.1.jar
7f99580ce000-7f99580d0000 r--s 00007000 08:01 33292601                   /home/mike012610/.gradle/wrapper/dists/gradle-2.2.1-all/c64ydeuardnfqctvr1gm30w53/gradle-2.2.1/lib/plugins/jarjar-wagon-http-shared4-2.4.jar
7f99580d0000-7f99580dd000 r--s 00083000 08:01 33292600                   /home/mike012610/.gradle/wrapper/dists/gradle-2.2.1-all/c64ydeuardnfqctvr1gm30w53/gradle-2.2.1/lib/plugins/jarjar-maven-core-3.0.4.jar
7f99580dd000-7f99580df000 r--s 00003000 08:01 33292599                   /home/mike012610/.gradle/wrapper/dists/gradle-2.2.1-all/c64ydeuardnfqctvr1gm30w53/gradle-2.2.1/lib/plugins/jarjar-aether-spi-1.13.1.jar
7f99580df000-7f99580e1000 r--s 00009000 08:01 33292598                   /home/mike012610/.gradle/wrapper/dists/gradle-2.2.1-all/c64ydeuardnfqctvr1gm30w53/gradle-2.2.1/lib/plugins/jarjar-maven-settings-builder-3.0.4.jar
7f99580e1000-7f99580e5000 r--s 00014000 08:01 33292597                   /home/mike012610/.gradle/wrapper/dists/gradle-2.2.1-all/c64ydeuardnfqctvr1gm30w53/gradle-2.2.1/lib/plugins/jarjar-aether-api-1.13.1.jar
7f99580e5000-7f99580e6000 r--s 00002000 08:01 33292596                   /home/mike012610/.gradle/wrapper/dists/gradle-2.2.1-all/c64ydeuardnfqctvr1gm30w53/gradle-2.2.1/lib/plugins/jarjar-wagon-http-2.4.jar
7f99580e6000-7f99580ed000 r--s 00042000 08:01 33292595                   /home/mike012610/.gradle/wrapper/dists/gradle-2.2.1-all/c64ydeuardnfqctvr1gm30w53/gradle-2.2.1/lib/plugins/jarjar-maven-compat-3.0.4.jar
7f99580ed000-7f99580ef000 r--s 00006000 08:01 33292594                   /home/mike012610/.gradle/wrapper/dists/gradle-2.2.1-all/c64ydeuardnfqctvr1gm30w53/gradle-2.2.1/lib/plugins/jarjar-aether-connector-wagon-1.13.1.jar
7f99580ef000-7f99580f1000 r--s 00000000 08:01 33292593                   /home/mike012610/.gradle/wrapper/dists/gradle-2.2.1-all/c64ydeuardnfqctvr1gm30w53/gradle-2.2.1/lib/plugins/jarjar-plexus-component-annotations-1.5.5.jar
7f99580f1000-7f99580f3000 r--s 00006000 08:01 33292592                   /home/mike012610/.gradle/wrapper/dists/gradle-2.2.1-all/c64ydeuardnfqctvr1gm30w53/gradle-2.2.1/lib/plugins/jarjar-plexus-sec-dispatcher-1.3.jar
7f99580f3000-7f99580f8000 r--s 00022000 08:01 33292591                   /home/mike012610/.gradle/wrapper/dists/gradle-2.2.1-all/c64ydeuardnfqctvr1gm30w53/gradle-2.2.1/lib/plugins/jarjar-maven-model-builder-3.0.4.jar
7f99580f8000-7f99580fa000 r--s 0000b000 08:01 33292590                   /home/mike012610/.gradle/wrapper/dists/gradle-2.2.1-all/c64ydeuardnfqctvr1gm30w53/gradle-2.2.1/lib/plugins/jarjar-maven-plugin-api-3.0.4.jar
7f99580fa000-7f99580fd000 r--s 0000a000 08:01 33292589                   /home/mike012610/.gradle/wrapper/dists/gradle-2.2.1-all/c64ydeuardnfqctvr1gm30w53/gradle-2.2.1/lib/plugins/jarjar-plexus-classworlds-2.4.jar
7f99580fd000-7f9958101000 r--s 00035000 08:01 33292588                   /home/mike012610/.gradle/wrapper/dists/gradle-2.2.1-all/c64ydeuardnfqctvr1gm30w53/gradle-2.2.1/lib/plugins/jarjar-plexus-utils-2.0.6.jar
7f9958101000-7f9958103000 r--s 0000e000 08:01 33292587                   /home/mike012610/.gradle/wrapper/dists/gradle-2.2.1-all/c64ydeuardnfqctvr1gm30w53/gradle-2.2.1/lib/plugins/jarjar-plexus-interpolation-1.14.jar
7f9958103000-7f9958105000 r--s 00002000 08:01 33292586                   /home/mike012610/.gradle/wrapper/dists/gradle-2.2.1-all/c64ydeuardnfqctvr1gm30w53/gradle-2.2.1/lib/plugins/jarjar-plexus-cipher-1.7.jar
7f9958105000-7f9958107000 r--s 0000c000 08:01 33292585                   /home/mike012610/.gradle/wrapper/dists/gradle-2.2.1-all/c64ydeuardnfqctvr1gm30w53/gradle-2.2.1/lib/plugins/jarjar-wagon-provider-api-2.4.jar
7f9958107000-7f9958109000 r--s 0000d000 08:01 33292584                   /home/mike012610/.gradle/wrapper/dists/gradle-2.2.1-all/c64ydeuardnfqctvr1gm30w53/gradle-2.2.1/lib/plugins/jarjar-maven-aether-provider-3.0.4.jar
7f9958109000-7f9958111000 r--s 00031000 08:01 33292583                   /home/mike012610/.gradle/wrapper/dists/gradle-2.2.1-all/c64ydeuardnfqctvr1gm30w53/gradle-2.2.1/lib/plugins/jarjar-plexus-container-default-1.5.5.jar
7f9958111000-7f9958112000 r--s 00007000 08:01 33292582                   /home/mike012610/.gradle/wrapper/dists/gradle-2.2.1-all/c64ydeuardnfqctvr1gm30w53/gradle-2.2.1/lib/plugins/jarjar-maven-repository-metadata-3.0.4.jar
7f9958112000-7f9958113000 r--s 0000b000 08:01 33292581                   /home/mike012610/.gradle/wrapper/dists/gradle-2.2.1-all/c64ydeuardnfqctvr1gm30w53/gradle-2.2.1/lib/plugins/jarjar-maven-settings-3.0.4.jar
7f9958113000-7f995812b000 r--s 000b5000 08:01 33292637                   /home/mike012610/.gradle/wrapper/dists/gradle-2.2.1-all/c64ydeuardnfqctvr1gm30w53/gradle-2.2.1/lib/plugins/gradle-dependency-management-2.2.1.jar
7f995812b000-7f995813b000 r-xp 00000000 08:01 11410509                   /usr/lib/jdk/jdk1.7.0_79/jre/lib/amd64/libnio.so
7f995813b000-7f995833b000 ---p 00010000 08:01 11410509                   /usr/lib/jdk/jdk1.7.0_79/jre/lib/amd64/libnio.so
7f995833b000-7f995833c000 rw-p 00010000 08:01 11410509                   /usr/lib/jdk/jdk1.7.0_79/jre/lib/amd64/libnio.so
7f995833c000-7f9958343000 r--s 00000000 08:01 6558294                    /usr/lib/x86_64-linux-gnu/gconv/gconv-modules.cache
7f9958343000-7f9958364000 r--p 00000000 08:01 10487787                   /usr/share/locale-langpack/zh_TW/LC_MESSAGES/libc.mo
7f9958364000-7f9958395000 rw-p 00000000 00:00 0 
7f9958395000-7f99583ab000 r-xp 00000000 08:01 11410469                   /usr/lib/jdk/jdk1.7.0_79/jre/lib/amd64/libnet.so
7f99583ab000-7f99585ab000 ---p 00016000 08:01 11410469                   /usr/lib/jdk/jdk1.7.0_79/jre/lib/amd64/libnet.so
7f99585ab000-7f99585ac000 rw-p 00016000 08:01 11410469                   /usr/lib/jdk/jdk1.7.0_79/jre/lib/amd64/libnet.so
7f99585ac000-7f99585ad000 r--s 00005000 08:01 33292532                   /home/mike012610/.gradle/wrapper/dists/gradle-2.2.1-all/c64ydeuardnfqctvr1gm30w53/gradle-2.2.1/lib/gradle-wrapper-2.2.1.jar
7f99585ad000-7f99585b6000 r--s 0002c000 08:01 33292537                   /home/mike012610/.gradle/wrapper/dists/gradle-2.2.1-all/c64ydeuardnfqctvr1gm30w53/gradle-2.2.1/lib/gradle-tooling-api-2.2.1.jar
7f99585b6000-7f99585b8000 r--s 00002000 08:01 33292561                   /home/mike012610/.gradle/wrapper/dists/gradle-2.2.1-all/c64ydeuardnfqctvr1gm30w53/gradle-2.2.1/lib/gradle-open-api-2.2.1.jar
7f99585b8000-7f99585be000 r--s 00032000 08:01 33292563                   /home/mike012610/.gradle/wrapper/dists/gradle-2.2.1-all/c64ydeuardnfqctvr1gm30w53/gradle-2.2.1/lib/jaxen-1.1.jar
7f99585be000-7f99585c3000 r--s 00048000 08:01 33292562                   /home/mike012610/.gradle/wrapper/dists/gradle-2.2.1-all/c64ydeuardnfqctvr1gm30w53/gradle-2.2.1/lib/dom4j-1.6.1.jar
7f99585c3000-7f99585ce000 r--s 00059000 08:01 33292536                   /home/mike012610/.gradle/wrapper/dists/gradle-2.2.1-all/c64ydeuardnfqctvr1gm30w53/gradle-2.2.1/lib/gradle-ui-2.2.1.jar
7f99585ce000-7f99585d0000 r--s 00006000 08:01 33292557                   /home/mike012610/.gradle/wrapper/dists/gradle-2.2.1-all/c64ydeuardnfqctvr1gm30w53/gradle-2.2.1/lib/gradle-resources-2.2.1.jar
7f99585d0000-7f99585d2000 r--s 00007000 08:01 33292579                   /home/mike012610/.gradle/wrapper/dists/gradle-2.2.1-all/c64ydeuardnfqctvr1gm30w53/gradle-2.2.1/lib/objenesis-1.2.jar
7f99585d2000-7f99585d4000 r--s 00000000 08:01 33292578                   /home/mike012610/.gradle/wrapper/dists/gradle-2.2.1-all/c64ydeuardnfqctvr1gm30w53/gradle-2.2.1/lib/minlog-1.2.jar
7f99585d4000-7f99585d6000 r--s 0000f000 08:01 33292577                   /home/mike012610/.gradle/wrapper/dists/gradle-2.2.1-all/c64ydeuardnfqctvr1gm30w53/gradle-2.2.1/lib/reflectasm-1.07-shaded.jar
7f99585d6000-7f99585da000 r--s 00026000 08:01 33292568                   /home/mike012610/.gradle/wrapper/dists/gradle-2.2.1-all/c64ydeuardnfqctvr1gm30w53/gradle-2.2.1/lib/kryo-2.20.jar
7f99585da000-7f99585e3000 r--s 00039000 08:01 33292556                   /home/mike012610/.gradle/wrapper/dists/gradle-2.2.1-all/c64ydeuardnfqctvr1gm30w53/gradle-2.2.1/lib/gradle-messaging-2.2.1.jar
7f99585e3000-7f99585e4000 r--s 00003000 08:01 33292576                   /home/mike012610/.gradle/wrapper/dists/gradle-2.2.1-all/c64ydeuardnfqctvr1gm30w53/gradle-2.2.1/lib/native-platform-freebsd-amd64-0.10.jar
7f99585e4000-7f99585e5000 r--s 00003000 08:01 33292575                   /home/mike012610/.gradle/wrapper/dists/gradle-2.2.1-all/c64ydeuardnfqctvr1gm30w53/gradle-2.2.1/lib/native-platform-freebsd-i386-0.10.jar
7f99585e5000-7f99585e6000 r--s 00005000 08:01 33292574                   /home/mike012610/.gradle/wrapper/dists/gradle-2.2.1-all/c64ydeuardnfqctvr1gm30w53/gradle-2.2.1/lib/native-platform-windows-i386-0.10.jar
7f99585e6000-7f99585e7000 r--s 00005000 08:01 33292573                   /home/mike012610/.gradle/wrapper/dists/gradle-2.2.1-all/c64ydeuardnfqctvr1gm30w53/gradle-2.2.1/lib/native-platform-windows-amd64-0.10.jar
7f99585e7000-7f99585e8000 r--s 00003000 08:01 33292572                   /home/mike012610/.gradle/wrapper/dists/gradle-2.2.1-all/c64ydeuardnfqctvr1gm30w53/gradle-2.2.1/lib/native-platform-linux-i386-0.10.jar
7f99585e8000-7f99585e9000 r--s 00003000 08:01 33292571                   /home/mike012610/.gradle/wrapper/dists/gradle-2.2.1-all/c64ydeuardnfqctvr1gm30w53/gradle-2.2.1/lib/native-platform-linux-amd64-0.10.jar
7f99585e9000-7f99585ea000 r--s 00002000 08:01 33292570                   /home/mike012610/.gradle/wrapper/dists/gradle-2.2.1-all/c64ydeuardnfqctvr1gm30w53/gradle-2.2.1/lib/native-platform-osx-amd64-0.10.jar
7f99585ea000-7f99585eb000 r--s 00002000 08:01 33292569                   /home/mike012610/.gradle/wrapper/dists/gradle-2.2.1-all/c64ydeuardnfqctvr1gm30w53/gradle-2.2.1/lib/native-platform-osx-i386-0.10.jar
7f99585eb000-7f99585ed000 r--s 00008000 08:01 33292566                   /home/mike012610/.gradle/wrapper/dists/gradle-2.2.1-all/c64ydeuardnfqctvr1gm30w53/gradle-2.2.1/lib/jansi-1.2.1.jar
7f99585ed000-7f99585f0000 r--s 0000d000 08:01 33292565                   /home/mike012610/.gradle/wrapper/dists/gradle-2.2.1-all/c64ydeuardnfqctvr1gm30w53/gradle-2.2.1/lib/native-platform-0.10.jar
7f99585f0000-7f99585f4000 r--s 000e4000 08:01 33292564                   /home/mike012610/.gradle/wrapper/dists/gradle-2.2.1-all/c64ydeuardnfqctvr1gm30w53/gradle-2.2.1/lib/jna-3.2.7.jar
7f99585f4000-7f99585f6000 r--s 00008000 08:01 33292538                   /home/mike012610/.gradle/wrapper/dists/gradle-2.2.1-all/c64ydeuardnfqctvr1gm30w53/gradle-2.2.1/lib/gradle-native-2.2.1.jar
7f99585f6000-7f99585f8000 r--s 00005000 08:01 33292535                   /home/mike012610/.gradle/wrapper/dists/gradle-2.2.1-all/c64ydeuardnfqctvr1gm30w53/gradle-2.2.1/lib/gradle-cli-2.2.1.jar
7f99585f8000-7f99585fa000 r--s 00003000 08:01 33292555                   /home/mike012610/.gradle/wrapper/dists/gradle-2.2.1-all/c64ydeuardnfqctvr1gm30w53/gradle-2.2.1/lib/gradle-base-services-groovy-2.2.1.jar
7f99585fa000-7f99585fc000 r--s 0000a000 08:01 33292543                   /home/mike012610/.gradle/wrapper/dists/gradle-2.2.1-all/c64ydeuardnfqctvr1gm30w53/gradle-2.2.1/lib/gradle-model-groovy-2.2.1.jar
7f99585fc000-7f9958600000 r--s 0001b000 08:01 33292542                   /home/mike012610/.gradle/wrapper/dists/gradle-2.2.1-all/c64ydeuardnfqctvr1gm30w53/gradle-2.2.1/lib/gradle-model-core-2.2.1.jar
7f9958600000-7f9958602000 r--s 00003000 08:01 33292560                   /home/mike012610/.gradle/wrapper/dists/gradle-2.2.1-all/c64ydeuardnfqctvr1gm30w53/gradle-2.2.1/lib/jcl-over-slf4j-1.7.7.jar
7f9958602000-7f9958605000 r--s 0001b000 08:01 33292553                   /home/mike012610/.gradle/wrapper/dists/gradle-2.2.1-all/c64ydeuardnfqctvr1gm30w53/gradle-2.2.1/lib/jarjar-1.3.jar
7f9958605000-7f9958607000 r--s 00000000 08:01 33292552                   /home/mike012610/.gradle/wrapper/dists/gradle-2.2.1-all/c64ydeuardnfqctvr1gm30w53/gradle-2.2.1/lib/jul-to-slf4j-1.7.7.jar
7f9958607000-7f9958611000 r--s 0005d000 08:01 33292549                   /home/mike012610/.gradle/wrapper/dists/gradle-2.2.1-all/c64ydeuardnfqctvr1gm30w53/gradle-2.2.1/lib/logback-core-1.0.13.jar
7f9958611000-7f9958612000 ---p 00000000 00:00 0 
7f9958612000-7f9958712000 rw-p 00000000 00:00 0                          [stack:5714]
7f9958712000-7f9958715000 ---p 00000000 00:00 0 
7f9958715000-7f9958813000 rw-p 00000000 00:00 0                          [stack:5713]
7f9958813000-7f9958816000 ---p 00000000 00:00 0 
7f9958816000-7f9958914000 rw-p 00000000 00:00 0                          [stack:5712]
7f9958914000-7f9958917000 ---p 00000000 00:00 0 
7f9958917000-7f9958a15000 rw-p 00000000 00:00 0                          [stack:5711]
7f9958a15000-7f9958a18000 ---p 00000000 00:00 0 
7f9958a18000-7f9958b16000 rw-p 00000000 00:00 0                          [stack:5710]
7f9958b16000-7f99591fa000 r--p 00000000 08:01 6167052                    /usr/lib/locale/locale-archive
7f99591fa000-7f99591fd000 ---p 00000000 00:00 0 
7f99591fd000-7f99592fb000 rw-p 00000000 00:00 0                          [stack:5709]
7f99592fb000-7f99592fe000 ---p 00000000 00:00 0 
7f99592fe000-7f99593fc000 rw-p 00000000 00:00 0                          [stack:5708]
7f99593fc000-7f99593fd000 ---p 00000000 00:00 0 
7f99593fd000-7f995c000000 rw-p 00000000 00:00 0                          [stack:5707]
7f995c000000-7f995c021000 rw-p 00000000 00:00 0 
7f995c021000-7f9960000000 ---p 00000000 00:00 0 
7f9960000000-7f9960001000 r--s 00000000 08:01 33292558                   /home/mike012610/.gradle/wrapper/dists/gradle-2.2.1-all/c64ydeuardnfqctvr1gm30w53/gradle-2.2.1/lib/gradle-docs-2.2.1.jar
7f9960001000-7f9960007000 r--s 0003b000 08:01 33292550                   /home/mike012610/.gradle/wrapper/dists/gradle-2.2.1-all/c64ydeuardnfqctvr1gm30w53/gradle-2.2.1/lib/logback-classic-1.0.13.jar
7f9960007000-7f9960072000 r--s 00685000 08:01 33292541                   /home/mike012610/.gradle/wrapper/dists/gradle-2.2.1-all/c64ydeuardnfqctvr1gm30w53/gradle-2.2.1/lib/groovy-all-2.3.6.jar
7f9960072000-7f996009a000 r--s 001cf000 08:01 33292540                   /home/mike012610/.gradle/wrapper/dists/gradle-2.2.1-all/c64ydeuardnfqctvr1gm30w53/gradle-2.2.1/lib/guava-jdk5-17.0.jar
7f996009a000-7f99600b9000 r--s 001cc000 08:01 33292545                   /home/mike012610/.gradle/wrapper/dists/gradle-2.2.1-all/c64ydeuardnfqctvr1gm30w53/gradle-2.2.1/lib/ant-1.9.3.jar
7f99600b9000-7f99600ea000 r--s 00191000 08:01 33292534                   /home/mike012610/.gradle/wrapper/dists/gradle-2.2.1-all/c64ydeuardnfqctvr1gm30w53/gradle-2.2.1/lib/gradle-core-2.2.1.jar
7f99600ea000-7f9961000000 rw-p 00000000 00:00 0 
7f9961000000-7f9961270000 rwxp 00000000 00:00 0 
7f9961270000-7f996469d000 rw-p 00000000 00:00 0 
7f996469d000-7f9968000000 ---p 00000000 00:00 0 
7f9968000000-7f9968001000 r--s 00005000 08:01 33292559                   /home/mike012610/.gradle/wrapper/dists/gradle-2.2.1-all/c64ydeuardnfqctvr1gm30w53/gradle-2.2.1/lib/log4j-over-slf4j-1.7.7.jar
7f9968001000-7f9968006000 r--s 00041000 08:01 33292548                   /home/mike012610/.gradle/wrapper/dists/gradle-2.2.1-all/c64ydeuardnfqctvr1gm30w53/gradle-2.2.1/lib/commons-lang-2.6.jar
7f9968006000-7f9968009000 r--s 00018000 08:01 33292547                   /home/mike012610/.gradle/wrapper/dists/gradle-2.2.1-all/c64ydeuardnfqctvr1gm30w53/gradle-2.2.1/lib/commons-io-1.4.jar
7f9968009000-7f9968017000 r--s 0007f000 08:01 33292546                   /home/mike012610/.gradle/wrapper/dists/gradle-2.2.1-all/c64ydeuardnfqctvr1gm30w53/gradle-2.2.1/lib/commons-collections-3.2.1.jar
7f9968017000-7f996801c000 r--s 00036000 08:01 33292544                   /home/mike012610/.gradle/wrapper/dists/gradle-2.2.1-all/c64ydeuardnfqctvr1gm30w53/gradle-2.2.1/lib/asm-all-5.0.3.jar
7f996801c000-7f996801e000 r--s 00006000 08:01 33292539                   /home/mike012610/.gradle/wrapper/dists/gradle-2.2.1-all/c64ydeuardnfqctvr1gm30w53/gradle-2.2.1/lib/slf4j-api-1.7.7.jar
7f996801e000-7f9968a94000 rw-p 00000000 00:00 0 
7f9968a94000-7f9968c54000 r--s 039f7000 08:01 11410527                   /usr/lib/jdk/jdk1.7.0_79/jre/lib/rt.jar
7f9968c54000-7f9968fcd000 rw-p 00000000 00:00 0 
7f9968fcd000-7f9968fce000 ---p 00000000 00:00 0 
7f9968fce000-7f99690ce000 rw-p 00000000 00:00 0                          [stack:5706]
7f99690ce000-7f99690cf000 ---p 00000000 00:00 0 
7f99690cf000-7f99691cf000 rw-p 00000000 00:00 0                          [stack:5705]
7f99691cf000-7f99691d0000 ---p 00000000 00:00 0 
7f99691d0000-7f99692d0000 rw-p 00000000 00:00 0                          [stack:5704]
7f99692d0000-7f99692d1000 ---p 00000000 00:00 0 
7f99692d1000-7f99693d1000 rw-p 00000000 00:00 0                          [stack:5703]
7f99693d1000-7f99693d2000 ---p 00000000 00:00 0 
7f99693d2000-7f99694d2000 rw-p 00000000 00:00 0                          [stack:5702]
7f99694d2000-7f99694d3000 ---p 00000000 00:00 0 
7f99694d3000-7f99695d3000 rw-p 00000000 00:00 0                          [stack:5701]
7f99695d3000-7f99695d4000 ---p 00000000 00:00 0 
7f99695d4000-7f99696d4000 rw-p 00000000 00:00 0                          [stack:5700]
7f99696d4000-7f99696d5000 ---p 00000000 00:00 0 
7f99696d5000-7f99697e0000 rw-p 00000000 00:00 0                          [stack:5699]
7f99697e0000-7f9969855000 rw-p 00000000 00:00 0 
7f9969855000-7f9969894000 rw-p 00000000 00:00 0 
7f9969894000-7f99699ab000 rw-p 00000000 00:00 0 
7f99699ab000-7f99699b6000 rw-p 00000000 00:00 0 
7f99699b6000-7f9969a2b000 rw-p 00000000 00:00 0 
7f9969a2b000-7f9969a6a000 rw-p 00000000 00:00 0 
7f9969a6a000-7f9969b80000 rw-p 00000000 00:00 0 
7f9969b80000-7f9969bb8000 rw-p 00000000 00:00 0 
7f9969bb8000-7f9969c2b000 rw-p 00000000 00:00 0 
7f9969c2b000-7f9969c2c000 rw-p 00000000 00:00 0 
7f9969c2c000-7f9969c46000 r-xp 00000000 08:01 11410490                   /usr/lib/jdk/jdk1.7.0_79/jre/lib/amd64/libzip.so
7f9969c46000-7f9969e46000 ---p 0001a000 08:01 11410490                   /usr/lib/jdk/jdk1.7.0_79/jre/lib/amd64/libzip.so
7f9969e46000-7f9969e47000 rw-p 0001a000 08:01 11410490                   /usr/lib/jdk/jdk1.7.0_79/jre/lib/amd64/libzip.so
7f9969e47000-7f9969e52000 r-xp 00000000 08:01 46792723                   /lib/x86_64-linux-gnu/libnss_files-2.19.so
7f9969e52000-7f996a051000 ---p 0000b000 08:01 46792723                   /lib/x86_64-linux-gnu/libnss_files-2.19.so
7f996a051000-7f996a052000 r--p 0000a000 08:01 46792723                   /lib/x86_64-linux-gnu/libnss_files-2.19.so
7f996a052000-7f996a053000 rw-p 0000b000 08:01 46792723                   /lib/x86_64-linux-gnu/libnss_files-2.19.so
7f996a053000-7f996a05e000 r-xp 00000000 08:01 46796642                   /lib/x86_64-linux-gnu/libnss_nis-2.19.so
7f996a05e000-7f996a25d000 ---p 0000b000 08:01 46796642                   /lib/x86_64-linux-gnu/libnss_nis-2.19.so
7f996a25d000-7f996a25e000 r--p 0000a000 08:01 46796642                   /lib/x86_64-linux-gnu/libnss_nis-2.19.so
7f996a25e000-7f996a25f000 rw-p 0000b000 08:01 46796642                   /lib/x86_64-linux-gnu/libnss_nis-2.19.so
7f996a25f000-7f996a276000 r-xp 00000000 08:01 46792798                   /lib/x86_64-linux-gnu/libnsl-2.19.so
7f996a276000-7f996a475000 ---p 00017000 08:01 46792798                   /lib/x86_64-linux-gnu/libnsl-2.19.so
7f996a475000-7f996a476000 r--p 00016000 08:01 46792798                   /lib/x86_64-linux-gnu/libnsl-2.19.so
7f996a476000-7f996a477000 rw-p 00017000 08:01 46792798                   /lib/x86_64-linux-gnu/libnsl-2.19.so
7f996a477000-7f996a479000 rw-p 00000000 00:00 0 
7f996a479000-7f996a482000 r-xp 00000000 08:01 46792797                   /lib/x86_64-linux-gnu/libnss_compat-2.19.so
7f996a482000-7f996a681000 ---p 00009000 08:01 46792797                   /lib/x86_64-linux-gnu/libnss_compat-2.19.so
7f996a681000-7f996a682000 r--p 00008000 08:01 46792797                   /lib/x86_64-linux-gnu/libnss_compat-2.19.so
7f996a682000-7f996a683000 rw-p 00009000 08:01 46792797                   /lib/x86_64-linux-gnu/libnss_compat-2.19.so
7f996a683000-7f996a6ac000 r-xp 00000000 08:01 11410510                   /usr/lib/jdk/jdk1.7.0_79/jre/lib/amd64/libjava.so
7f996a6ac000-7f996a8ac000 ---p 00029000 08:01 11410510                   /usr/lib/jdk/jdk1.7.0_79/jre/lib/amd64/libjava.so
7f996a8ac000-7f996a8ae000 rw-p 00029000 08:01 11410510                   /usr/lib/jdk/jdk1.7.0_79/jre/lib/amd64/libjava.so
7f996a8ae000-7f996a8bb000 r-xp 00000000 08:01 11410477                   /usr/lib/jdk/jdk1.7.0_79/jre/lib/amd64/libverify.so
7f996a8bb000-7f996aaba000 ---p 0000d000 08:01 11410477                   /usr/lib/jdk/jdk1.7.0_79/jre/lib/amd64/libverify.so
7f996aaba000-7f996aabc000 rw-p 0000c000 08:01 11410477                   /usr/lib/jdk/jdk1.7.0_79/jre/lib/amd64/libverify.so
7f996aabc000-7f996aac3000 r-xp 00000000 08:01 46792806                   /lib/x86_64-linux-gnu/librt-2.19.so
7f996aac3000-7f996acc2000 ---p 00007000 08:01 46792806                   /lib/x86_64-linux-gnu/librt-2.19.so
7f996acc2000-7f996acc3000 r--p 00006000 08:01 46792806                   /lib/x86_64-linux-gnu/librt-2.19.so
7f996acc3000-7f996acc4000 rw-p 00007000 08:01 46792806                   /lib/x86_64-linux-gnu/librt-2.19.so
7f996acc4000-7f996adc9000 r-xp 00000000 08:01 46792719                   /lib/x86_64-linux-gnu/libm-2.19.so
7f996adc9000-7f996afc8000 ---p 00105000 08:01 46792719                   /lib/x86_64-linux-gnu/libm-2.19.so
7f996afc8000-7f996afc9000 r--p 00104000 08:01 46792719                   /lib/x86_64-linux-gnu/libm-2.19.so
7f996afc9000-7f996afca000 rw-p 00105000 08:01 46792719                   /lib/x86_64-linux-gnu/libm-2.19.so
7f996afca000-7f996bb3f000 r-xp 00000000 08:01 11410501                   /usr/lib/jdk/jdk1.7.0_79/jre/lib/amd64/server/libjvm.so
7f996bb3f000-7f996bd3f000 ---p 00b75000 08:01 11410501                   /usr/lib/jdk/jdk1.7.0_79/jre/lib/amd64/server/libjvm.so
7f996bd3f000-7f996be03000 rw-p 00b75000 08:01 11410501                   /usr/lib/jdk/jdk1.7.0_79/jre/lib/amd64/server/libjvm.so
7f996be03000-7f996be44000 rw-p 00000000 00:00 0 
7f996be44000-7f996bfff000 r-xp 00000000 08:01 46792803                   /lib/x86_64-linux-gnu/libc-2.19.so
7f996bfff000-7f996c1fe000 ---p 001bb000 08:01 46792803                   /lib/x86_64-linux-gnu/libc-2.19.so
7f996c1fe000-7f996c202000 r--p 001ba000 08:01 46792803                   /lib/x86_64-linux-gnu/libc-2.19.so
7f996c202000-7f996c204000 rw-p 001be000 08:01 46792803                   /lib/x86_64-linux-gnu/libc-2.19.so
7f996c204000-7f996c209000 rw-p 00000000 00:00 0 
7f996c209000-7f996c20c000 r-xp 00000000 08:01 46792734                   /lib/x86_64-linux-gnu/libdl-2.19.so
7f996c20c000-7f996c40b000 ---p 00003000 08:01 46792734                   /lib/x86_64-linux-gnu/libdl-2.19.so
7f996c40b000-7f996c40c000 r--p 00002000 08:01 46792734                   /lib/x86_64-linux-gnu/libdl-2.19.so
7f996c40c000-7f996c40d000 rw-p 00003000 08:01 46792734                   /lib/x86_64-linux-gnu/libdl-2.19.so
7f996c40d000-7f996c423000 r-xp 00000000 08:01 11409488                   /usr/lib/jdk/jdk1.7.0_79/lib/amd64/jli/libjli.so
7f996c423000-7f996c623000 ---p 00016000 08:01 11409488                   /usr/lib/jdk/jdk1.7.0_79/lib/amd64/jli/libjli.so
7f996c623000-7f996c624000 rw-p 00016000 08:01 11409488                   /usr/lib/jdk/jdk1.7.0_79/lib/amd64/jli/libjli.so
7f996c624000-7f996c63d000 r-xp 00000000 08:01 46792804                   /lib/x86_64-linux-gnu/libpthread-2.19.so
7f996c63d000-7f996c83c000 ---p 00019000 08:01 46792804                   /lib/x86_64-linux-gnu/libpthread-2.19.so
7f996c83c000-7f996c83d000 r--p 00018000 08:01 46792804                   /lib/x86_64-linux-gnu/libpthread-2.19.so
7f996c83d000-7f996c83e000 rw-p 00019000 08:01 46792804                   /lib/x86_64-linux-gnu/libpthread-2.19.so
7f996c83e000-7f996c842000 rw-p 00000000 00:00 0 
7f996c842000-7f996c865000 r-xp 00000000 08:01 46792800                   /lib/x86_64-linux-gnu/ld-2.19.so
7f996c865000-7f996c866000 r--s 00000000 08:01 33292554                   /home/mike012610/.gradle/wrapper/dists/gradle-2.2.1-all/c64ydeuardnfqctvr1gm30w53/gradle-2.2.1/lib/javax.inject-1.jar
7f996c866000-7f996c889000 rw-p 00000000 00:00 0 
7f996c889000-7f996c93f000 rw-p 00000000 00:00 0 
7f996c93f000-7f996c942000 ---p 00000000 00:00 0 
7f996c942000-7f996ca44000 rw-p 00000000 00:00 0                          [stack:5697]
7f996ca44000-7f996ca45000 r--s 00000000 08:01 33292551                   /home/mike012610/.gradle/wrapper/dists/gradle-2.2.1-all/c64ydeuardnfqctvr1gm30w53/gradle-2.2.1/lib/jcip-annotations-1.0.jar
7f996ca45000-7f996ca46000 r--s 00004000 08:01 33292567                   /home/mike012610/.gradle/wrapper/dists/gradle-2.2.1-all/c64ydeuardnfqctvr1gm30w53/gradle-2.2.1/lib/ant-launcher-1.9.3.jar
7f996ca46000-7f996ca4a000 r--s 000f7000 08:01 11410546                   /usr/lib/jdk/jdk1.7.0_79/jre/lib/ext/localedata.jar
7f996ca4a000-7f996ca50000 r--s 00026000 08:01 33292533                   /home/mike012610/.gradle/wrapper/dists/gradle-2.2.1-all/c64ydeuardnfqctvr1gm30w53/gradle-2.2.1/lib/gradle-base-services-2.2.1.jar
7f996ca50000-7f996ca58000 r--s 0003c000 08:01 33292531                   /home/mike012610/.gradle/wrapper/dists/gradle-2.2.1-all/c64ydeuardnfqctvr1gm30w53/gradle-2.2.1/lib/gradle-launcher-2.2.1.jar
7f996ca58000-7f996ca60000 rw-s 00000000 08:01 10882276                   /tmp/hsperfdata_mike012610/5696
7f996ca60000-7f996ca61000 rw-p 00000000 00:00 0 
7f996ca61000-7f996ca62000 r--p 00000000 00:00 0 
7f996ca62000-7f996ca64000 rw-p 00000000 00:00 0 
7f996ca64000-7f996ca65000 r--p 00022000 08:01 46792800                   /lib/x86_64-linux-gnu/ld-2.19.so
7f996ca65000-7f996ca66000 rw-p 00023000 08:01 46792800                   /lib/x86_64-linux-gnu/ld-2.19.so
7f996ca66000-7f996ca67000 rw-p 00000000 00:00 0 
7ffde20d0000-7ffde20f2000 rw-p 00000000 00:00 0                          [stack]
7ffde2122000-7ffde2124000 r-xp 00000000 00:00 0                          [vdso]
7ffde2124000-7ffde2126000 r--p 00000000 00:00 0                          [vvar]
ffffffffff600000-ffffffffff601000 r-xp 00000000 00:00 0                  [vsyscall]

VM Arguments:
jvm_args: -XX:MaxPermSize=256m -XX:+HeapDumpOnOutOfMemoryError -Xmx1024m -Dfile.encoding=UTF-8 -Duser.country=TW -Duser.language=zh -Duser.variant 
java_command: org.gradle.launcher.daemon.bootstrap.GradleDaemon 2.2.1 /home/mike012610/.gradle/daemon 10800000 e6813856-1c86-49e1-bbfb-4d88f7644f1d -XX:MaxPermSize=256m -XX:+HeapDumpOnOutOfMemoryError -Xmx1024m -Dfile.encoding=UTF-8 -Duser.country=TW -Duser.language=zh -Duser.variant
Launcher Type: SUN_STANDARD

Environment Variables:
JAVA_HOME=/usr/lib/jdk/jdk1.7.0_25
JRE_HOME=/usr/lib/jdk/jdk1.7.0_25/jre
CLASSPATH=./android-studio/bin/../lib/bootstrap.jar:./android-studio/bin/../lib/extensions.jar:./android-studio/bin/../lib/util.jar:./android-studio/bin/../lib/jdom.jar:./android-studio/bin/../lib/log4j.jar:./android-studio/bin/../lib/trove4j.jar:./android-studio/bin/../lib/jna.jar:/usr/lib/jdk/jdk1.7.0_79/lib/tools.jar
PATH=/usr/lib/jdk/jdk1.7.0_25/bin:/usr/lib/jdk/jdk1.7.0_25/jre/bin:/usr/local/sbin:/usr/local/bin:/usr/sbin:/usr/bin:/sbin:/bin:/usr/games:/usr/local/games
LD_LIBRARY_PATH=./android-studio/bin:
SHELL=/bin/bash
DISPLAY=:0

Signal Handlers:
SIGSEGV: [libjvm.so+0x9a3bf0], sa_mask[0]=0x7ffbfeff, sa_flags=0x10000004
SIGBUS: [libjvm.so+0x9a3bf0], sa_mask[0]=0x7ffbfeff, sa_flags=0x10000004
SIGFPE: [libjvm.so+0x81cb60], sa_mask[0]=0x7ffbfeff, sa_flags=0x10000004
SIGPIPE: [libjvm.so+0x81cb60], sa_mask[0]=0x7ffbfeff, sa_flags=0x10000004
SIGXFSZ: [libjvm.so+0x81cb60], sa_mask[0]=0x7ffbfeff, sa_flags=0x10000004
SIGILL: [libjvm.so+0x81cb60], sa_mask[0]=0x7ffbfeff, sa_flags=0x10000004
SIGUSR1: SIG_DFL, sa_mask[0]=0x00000000, sa_flags=0x00000000
SIGUSR2: [libjvm.so+0x81e360], sa_mask[0]=0x00000004, sa_flags=0x10000004
SIGHUP: [libjvm.so+0x81f480], sa_mask[0]=0x7ffbfeff, sa_flags=0x10000004
SIGINT: [libjvm.so+0x81f480], sa_mask[0]=0x7ffbfeff, sa_flags=0x10000004
SIGTERM: [libjvm.so+0x81f480], sa_mask[0]=0x7ffbfeff, sa_flags=0x10000004
SIGQUIT: [libjvm.so+0x81f480], sa_mask[0]=0x7ffbfeff, sa_flags=0x10000004


---------------  S Y S T E M  ---------------

OS:jessie/sid

uname:Linux 3.16.0-41-generic #55~14.04.1-Ubuntu SMP Sun Jun 14 18:43:36 UTC 2015 x86_64
libc:glibc 2.19 NPTL 2.19 
rlimit: STACK 8192k, CORE 0k, NPROC 47974, NOFILE 4096, AS infinity
load average:1.70 0.91 0.62

/proc/meminfo:
MemTotal:       12302880 kB
MemFree:         8678292 kB
MemAvailable:    9838016 kB
Buffers:          112820 kB
Cached:          1187304 kB
SwapCached:            0 kB
Active:          2743708 kB
Inactive:         568188 kB
Active(anon):    2012996 kB
Inactive(anon):    22660 kB
Active(file):     730712 kB
Inactive(file):   545528 kB
Unevictable:           0 kB
Mlocked:               0 kB
SwapTotal:      14676988 kB
SwapFree:       14676988 kB
Dirty:              5932 kB
Writeback:             0 kB
AnonPages:       2013616 kB
Mapped:           285028 kB
Shmem:             23888 kB
Slab:             143088 kB
SReclaimable:     104836 kB
SUnreclaim:        38252 kB
KernelStack:        9792 kB
PageTables:        33664 kB
NFS_Unstable:          0 kB
Bounce:                0 kB
WritebackTmp:          0 kB
CommitLimit:    20828428 kB
Committed_AS:    5152732 kB
VmallocTotal:   34359738367 kB
VmallocUsed:      163492 kB
VmallocChunk:   34359548912 kB
HardwareCorrupted:     0 kB
AnonHugePages:    735232 kB
HugePages_Total:       0
HugePages_Free:        0
HugePages_Rsvd:        0
HugePages_Surp:        0
Hugepagesize:       2048 kB
DirectMap4k:       68480 kB
DirectMap2M:    12513280 kB


CPU:total 8 (4 cores per cpu, 2 threads per core) family 6 model 26 stepping 5, cmov, cx8, fxsr, mmx, sse, sse2, sse3, ssse3, sse4.1, sse4.2, popcnt, ht, tsc, tscinvbit, tscinv

/proc/cpuinfo:
processor	: 0
vendor_id	: GenuineIntel
cpu family	: 6
model		: 26
model name	: Intel(R) Core(TM) i7 CPU         930  @ 2.80GHz
stepping	: 5
microcode	: 0x11
cpu MHz		: 1995.000
cache size	: 8192 KB
physical id	: 0
siblings	: 8
core id		: 0
cpu cores	: 4
apicid		: 0
initial apicid	: 0
fpu		: yes
fpu_exception	: yes
cpuid level	: 11
wp		: yes
flags		: fpu vme de pse tsc msr pae mce cx8 apic sep mtrr pge mca cmov pat pse36 clflush dts acpi mmx fxsr sse sse2 ss ht tm pbe syscall nx rdtscp lm constant_tsc arch_perfmon pebs bts rep_good nopl xtopology nonstop_tsc aperfmperf pni dtes64 monitor ds_cpl vmx est tm2 ssse3 cx16 xtpr pdcm sse4_1 sse4_2 popcnt lahf_lm ida dtherm tpr_shadow vnmi flexpriority ept vpid
bogomips	: 5667.17
clflush size	: 64
cache_alignment	: 64
address sizes	: 36 bits physical, 48 bits virtual
power management:

processor	: 1
vendor_id	: GenuineIntel
cpu family	: 6
model		: 26
model name	: Intel(R) Core(TM) i7 CPU         930  @ 2.80GHz
stepping	: 5
microcode	: 0x11
cpu MHz		: 2794.000
cache size	: 8192 KB
physical id	: 0
siblings	: 8
core id		: 1
cpu cores	: 4
apicid		: 2
initial apicid	: 2
fpu		: yes
fpu_exception	: yes
cpuid level	: 11
wp		: yes
flags		: fpu vme de pse tsc msr pae mce cx8 apic sep mtrr pge mca cmov pat pse36 clflush dts acpi mmx fxsr sse sse2 ss ht tm pbe syscall nx rdtscp lm constant_tsc arch_perfmon pebs bts rep_good nopl xtopology nonstop_tsc aperfmperf pni dtes64 monitor ds_cpl vmx est tm2 ssse3 cx16 xtpr pdcm sse4_1 sse4_2 popcnt lahf_lm ida dtherm tpr_shadow vnmi flexpriority ept vpid
bogomips	: 5667.17
clflush size	: 64
cache_alignment	: 64
address sizes	: 36 bits physical, 48 bits virtual
power management:

processor	: 2
vendor_id	: GenuineIntel
cpu family	: 6
model		: 26
model name	: Intel(R) Core(TM) i7 CPU         930  @ 2.80GHz
stepping	: 5
microcode	: 0x11
cpu MHz		: 2794.000
cache size	: 8192 KB
physical id	: 0
siblings	: 8
core id		: 2
cpu cores	: 4
apicid		: 4
initial apicid	: 4
fpu		: yes
fpu_exception	: yes
cpuid level	: 11
wp		: yes
flags		: fpu vme de pse tsc msr pae mce cx8 apic sep mtrr pge mca cmov pat pse36 clflush dts acpi mmx fxsr sse sse2 ss ht tm pbe syscall nx rdtscp lm constant_tsc arch_perfmon pebs bts rep_good nopl xtopology nonstop_tsc aperfmperf pni dtes64 monitor ds_cpl vmx est tm2 ssse3 cx16 xtpr pdcm sse4_1 sse4_2 popcnt lahf_lm ida dtherm tpr_shadow vnmi flexpriority ept vpid
bogomips	: 5667.17
clflush size	: 64
cache_alignment	: 64
address sizes	: 36 bits physical, 48 bits virtual
power management:

processor	: 3
vendor_id	: GenuineIntel
cpu family	: 6
model		: 26
model name	: Intel(R) Core(TM) i7 CPU         930  @ 2.80GHz
stepping	: 5
microcode	: 0x11
cpu MHz		: 2794.000
cache size	: 8192 KB
physical id	: 0
siblings	: 8
core id		: 3
cpu cores	: 4
apicid		: 6
initial apicid	: 6
fpu		: yes
fpu_exception	: yes
cpuid level	: 11
wp		: yes
flags		: fpu vme de pse tsc msr pae mce cx8 apic sep mtrr pge mca cmov pat pse36 clflush dts acpi mmx fxsr sse sse2 ss ht tm pbe syscall nx rdtscp lm constant_tsc arch_perfmon pebs bts rep_good nopl xtopology nonstop_tsc aperfmperf pni dtes64 monitor ds_cpl vmx est tm2 ssse3 cx16 xtpr pdcm sse4_1 sse4_2 popcnt lahf_lm ida dtherm tpr_shadow vnmi flexpriority ept vpid
bogomips	: 5667.17
clflush size	: 64
cache_alignment	: 64
address sizes	: 36 bits physical, 48 bits virtual
power management:

processor	: 4
vendor_id	: GenuineIntel
cpu family	: 6
model		: 26
model name	: Intel(R) Core(TM) i7 CPU         930  @ 2.80GHz
stepping	: 5
microcode	: 0x11
cpu MHz		: 2794.000
cache size	: 8192 KB
physical id	: 0
siblings	: 8
core id		: 0
cpu cores	: 4
apicid		: 1
initial apicid	: 1
fpu		: yes
fpu_exception	: yes
cpuid level	: 11
wp		: yes
flags		: fpu vme de pse tsc msr pae mce cx8 apic sep mtrr pge mca cmov pat pse36 clflush dts acpi mmx fxsr sse sse2 ss ht tm pbe syscall nx rdtscp lm constant_tsc arch_perfmon pebs bts rep_good nopl xtopology nonstop_tsc aperfmperf pni dtes64 monitor ds_cpl vmx est tm2 ssse3 cx16 xtpr pdcm sse4_1 sse4_2 popcnt lahf_lm ida dtherm tpr_shadow vnmi flexpriority ept vpid
bogomips	: 5667.17
clflush size	: 64
cache_alignment	: 64
address sizes	: 36 bits physical, 48 bits virtual
power management:

processor	: 5
vendor_id	: GenuineIntel
cpu family	: 6
model		: 26
model name	: Intel(R) Core(TM) i7 CPU         930  @ 2.80GHz
stepping	: 5
microcode	: 0x11
cpu MHz		: 2794.000
cache size	: 8192 KB
physical id	: 0
siblings	: 8
core id		: 1
cpu cores	: 4
apicid		: 3
initial apicid	: 3
fpu		: yes
fpu_exception	: yes
cpuid level	: 11
wp		: yes
flags		: fpu vme de pse tsc msr pae mce cx8 apic sep mtrr pge mca cmov pat pse36 clflush dts acpi mmx fxsr sse sse2 ss ht tm pbe syscall nx rdtscp lm constant_tsc arch_perfmon pebs bts rep_good nopl xtopology nonstop_tsc aperfmperf pni dtes64 monitor ds_cpl vmx est tm2 ssse3 cx16 xtpr pdcm sse4_1 sse4_2 popcnt lahf_lm ida dtherm tpr_shadow vnmi flexpriority ept vpid
bogomips	: 5667.17
clflush size	: 64
cache_alignment	: 64
address sizes	: 36 bits physical, 48 bits virtual
power management:

processor	: 6
vendor_id	: GenuineIntel
cpu family	: 6
model		: 26
model name	: Intel(R) Core(TM) i7 CPU         930  @ 2.80GHz
stepping	: 5
microcode	: 0x11
cpu MHz		: 2794.000
cache size	: 8192 KB
physical id	: 0
siblings	: 8
core id		: 2
cpu cores	: 4
apicid		: 5
initial apicid	: 5
fpu		: yes
fpu_exception	: yes
cpuid level	: 11
wp		: yes
flags		: fpu vme de pse tsc msr pae mce cx8 apic sep mtrr pge mca cmov pat pse36 clflush dts acpi mmx fxsr sse sse2 ss ht tm pbe syscall nx rdtscp lm constant_tsc arch_perfmon pebs bts rep_good nopl xtopology nonstop_tsc aperfmperf pni dtes64 monitor ds_cpl vmx est tm2 ssse3 cx16 xtpr pdcm sse4_1 sse4_2 popcnt lahf_lm ida dtherm tpr_shadow vnmi flexpriority ept vpid
bogomips	: 5667.17
clflush size	: 64
cache_alignment	: 64
address sizes	: 36 bits physical, 48 bits virtual
power management:

processor	: 7
vendor_id	: GenuineIntel
cpu family	: 6
model		: 26
model name	: Intel(R) Core(TM) i7 CPU         930  @ 2.80GHz
stepping	: 5
microcode	: 0x11
cpu MHz		: 2794.000
cache size	: 8192 KB
physical id	: 0
siblings	: 8
core id		: 3
cpu cores	: 4
apicid		: 7
initial apicid	: 7
fpu		: yes
fpu_exception	: yes
cpuid level	: 11
wp		: yes
flags		: fpu vme de pse tsc msr pae mce cx8 apic sep mtrr pge mca cmov pat pse36 clflush dts acpi mmx fxsr sse sse2 ss ht tm pbe syscall nx rdtscp lm constant_tsc arch_perfmon pebs bts rep_good nopl xtopology nonstop_tsc aperfmperf pni dtes64 monitor ds_cpl vmx est tm2 ssse3 cx16 xtpr pdcm sse4_1 sse4_2 popcnt lahf_lm ida dtherm tpr_shadow vnmi flexpriority ept vpid
bogomips	: 5667.17
clflush size	: 64
cache_alignment	: 64
address sizes	: 36 bits physical, 48 bits virtual
power management:



Memory: 4k page, physical 12302880k(8678292k free), swap 14676988k(14676988k free)

vm_info: Java HotSpot(TM) 64-Bit Server VM (24.79-b02) for linux-amd64 JRE (1.7.0_79-b15), built on Apr 10 2015 11:34:48 by "java_re" with gcc 4.3.0 20080428 (Red Hat 4.3.0-8)

time: Thu Jun 18 03:07:03 2015
elapsed time: 0 seconds

